#
# A fatal error has been detected by the Java Runtime Environment:
#
#  SIGSEGV (0xb) at pc=0x00007fc1ecc75978, pid=4246, tid=4345
#
# JRE version: OpenJDK Runtime Environment Temurin-17.0.4+8 (17.0.4+8) (build 17.0.4+8)
# Java VM: OpenJDK 64-Bit Server VM Temurin-17.0.4+8 (17.0.4+8, mixed mode, tiered, compressed oops, compressed class ptrs, parallel gc, linux-amd64)
# Problematic frame:
# V  [libjvm.so+0xacc978]  PhaseIdealLoop::build_loop_late(VectorSet&, Node_List&, Node_Stack&)+0xa8
#
# Core dump will be written. Default location: Core dumps may be processed with "/usr/share/apport/apport -p%p -s%s -c%c -d%d -P%P -u%u -g%g -- %E" (or dumping to /home/andres/Escritorio/uncademy_registration_ms/core.4246)
#
# If you would like to submit a bug report, please visit:
#   https://github.com/adoptium/adoptium-support/issues
#

---------------  S U M M A R Y ------------

Command Line: --add-modules=ALL-SYSTEM --add-opens=java.base/java.util=ALL-UNNAMED --add-opens=java.base/java.lang=ALL-UNNAMED --add-opens=java.base/sun.nio.fs=ALL-UNNAMED -Declipse.application=org.eclipse.jdt.ls.core.id1 -Dosgi.bundles.defaultStartLevel=4 -Declipse.product=org.eclipse.jdt.ls.core.product -Djava.import.generatesMetadataFilesAtProjectRoot=false -Dfile.encoding=utf8 -XX:+UseParallelGC -XX:GCTimeRatio=4 -XX:AdaptiveSizePolicyWeight=90 -Dsun.zip.disableMemoryMapping=true -Xmx1G -Xms100m -Xlog:jni+resolve=off -javaagent:/home/andres/.vscode/extensions/redhat.java-1.10.0-linux-x64/lombok/lombok-1.18.24.jar -XX:+HeapDumpOnOutOfMemoryError -XX:HeapDumpPath=/home/andres/.config/Code/User/workspaceStorage/2e620ad61689cd8ea6a0f5f4a2a3eaa4/redhat.java /home/andres/.vscode/extensions/redhat.java-1.10.0-linux-x64/server/plugins/org.eclipse.equinox.launcher_1.6.400.v20210924-0641.jar -configuration /home/andres/.config/Code/User/globalStorage/redhat.java/1.10.0/config_linux -data /home/andres/.config/Code/User/workspaceStorage/2e620ad61689cd8ea6a0f5f4a2a3eaa4/redhat.java/jdt_ws

Host: Intel(R) Core(TM) i7-7500U CPU @ 2.70GHz, 4 cores, 11G, Ubuntu 22.04 LTS
Time: Mon Sep 12 20:43:50 2022 -05 elapsed time: 8.094451 seconds (0d 0h 0m 8s)

---------------  T H R E A D  ---------------

Current thread (0x00007fc1a830a890):  JavaThread "C2 CompilerThread1" daemon [_thread_in_native, id=4345, stack(0x00007fc196700000,0x00007fc196800000)]


Current CompileTask:
C2:   8094 3776   !   4       org.eclipse.osgi.internal.loader.classpath.ClasspathManager::defineClass (636 bytes)

Stack: [0x00007fc196700000,0x00007fc196800000],  sp=0x00007fc1967fad90,  free space=1003k
Native frames: (J=compiled Java code, j=interpreted, Vv=VM code, C=native code)
V  [libjvm.so+0xacc978]  PhaseIdealLoop::build_loop_late(VectorSet&, Node_List&, Node_Stack&)+0xa8
V  [libjvm.so+0xacd3ce]  PhaseIdealLoop::build_and_optimize()+0x7ae
V  [libjvm.so+0x5d061f]  PhaseIdealLoop::optimize(PhaseIterGVN&, LoopOptsMode)+0x16f
V  [libjvm.so+0x5ce282]  Compile::Optimize()+0xb92
V  [libjvm.so+0x5cfe75]  Compile::Compile(ciEnv*, ciMethod*, int, bool, bool, bool, bool, bool, DirectiveSet*)+0xe65
V  [libjvm.so+0x50ffb9]  C2Compiler::compile_method(ciEnv*, ciMethod*, int, bool, DirectiveSet*)+0xe9
V  [libjvm.so+0x5d8ea8]  CompileBroker::invoke_compiler_on_method(CompileTask*)+0xf68
V  [libjvm.so+0x5d9b38]  CompileBroker::compiler_thread_loop()+0x508
V  [libjvm.so+0xe59204]  JavaThread::thread_main_inner()+0x184
V  [libjvm.so+0xe5c98e]  Thread::call_run()+0xde
V  [libjvm.so+0xc162c1]  thread_native_entry(Thread*)+0xe1


siginfo: si_signo: 11 (SIGSEGV), si_code: 1 (SEGV_MAPERR), si_addr: 0x00007fe1a82d9938

Register to memory mapping:

RAX=0x00007fc1a82d90a0 points into unknown readable memory: 0x00007fe1a82d9910 | 10 99 2d a8 e1 7f 00 00
RBX=0x00007fc1967fae60 is pointing into the stack for thread: 0x00007fc1a830a890
RCX=0x0 is NULL
RDX=0x0000000004000000 is an unknown value
RSP=0x00007fc1967fad90 is pointing into the stack for thread: 0x00007fc1a830a890
RBP=0x00007fc1967fadf0 is pointing into the stack for thread: 0x00007fc1a830a890
RSI=0x00007fc1b44cbccc points into unknown readable memory: 00 00 00 05
RDI=0x0000000005000000 is an unknown value
R8 =0x00007fc1a82d8b30 points into unknown readable memory: 0x00007fc1ed439018 | 18 90 43 ed c1 7f 00 00
R9 =0x00007fc1ed14e565: <offset 0x0000000000fa5565> in /home/andres/.vscode/extensions/redhat.java-1.10.0-linux-x64/jre/17.0.4-linux-x86_64/lib/server/libjvm.so at 0x00007fc1ec1a9000
R10=0x0000000000000002 is an unknown value
R11=0x00007fe1a82d9910 is an unknown value
R12=0x00007fc1967fae40 is pointing into the stack for thread: 0x00007fc1a830a890
R13=0x00007fc1967fae80 is pointing into the stack for thread: 0x00007fc1a830a890
R14=0x0000000000000001 is an unknown value
R15=0x00007fc1967fb160 is pointing into the stack for thread: 0x00007fc1a830a890


Registers:
RAX=0x00007fc1a82d90a0, RBX=0x00007fc1967fae60, RCX=0x0000000000000000, RDX=0x0000000004000000
RSP=0x00007fc1967fad90, RBP=0x00007fc1967fadf0, RSI=0x00007fc1b44cbccc, RDI=0x0000000005000000
R8 =0x00007fc1a82d8b30, R9 =0x00007fc1ed14e565, R10=0x0000000000000002, R11=0x00007fe1a82d9910
R12=0x00007fc1967fae40, R13=0x00007fc1967fae80, R14=0x0000000000000001, R15=0x00007fc1967fb160
RIP=0x00007fc1ecc75978, EFLAGS=0x0000000000010202, CSGSFS=0x002b000000000033, ERR=0x0000000000000004
  TRAPNO=0x000000000000000e

Top of Stack: (sp=0x00007fc1967fad90)
0x00007fc1967fad90:   00007fc1967fbb18 00007fc16081fab0
0x00007fc1967fada0:   00007fc1b4c3a8a0 00007fc1000001e3
0x00007fc1967fadb0:   00007fc1a82d3f38 00007fc16014eb10
0x00007fc1967fadc0:   00007fc1967fae80 00007fc1967fb160 

Instructions: (pc=0x00007fc1ecc75978)
0x00007fc1ecc75878:   ff 4c 89 f6 4c 89 e7 48 89 c3 e8 f9 8e fe ff 0f
0x00007fc1ecc75888:   b7 53 58 66 39 50 58 76 09 48 8b 00 66 39 50 58
0x00007fc1ecc75898:   77 f7 48 39 c3 41 8b 54 24 28 4d 0f 45 fe e9 e4
0x00007fc1ecc758a8:   fa ff ff 41 8b 54 24 28 e9 da fa ff ff 90 66 2e
0x00007fc1ecc758b8:   0f 1f 84 00 00 00 00 00 ba 01 00 00 00 e9 76 f6
0x00007fc1ecc758c8:   ff ff 66 0f 1f 44 00 00 55 48 8d 87 b8 09 00 00
0x00007fc1ecc758d8:   48 89 e5 41 57 49 89 ff 41 56 41 55 49 89 d5 41
0x00007fc1ecc758e8:   54 49 89 f4 53 48 89 cb 48 83 ec 38 48 89 45 a0
0x00007fc1ecc758f8:   0f 1f 84 00 00 00 00 00 41 8b 45 18 85 c0 0f 84
0x00007fc1ecc75908:   dc 02 00 00 49 8b 55 10 83 e8 01 41 89 45 18 4c
0x00007fc1ecc75918:   8b 04 c2 41 8b 48 28 41 89 ce 41 c1 ee 05 45 3b
0x00007fc1ecc75928:   34 24 0f 83 70 02 00 00 ba 01 00 00 00 44 89 f0
0x00007fc1ecc75938:   d3 e2 49 8b 4c 24 08 89 d6 48 8d 0c 81 8b 01 09
0x00007fc1ecc75948:   c6 89 31 85 c2 75 b1 45 8b 50 20 45 31 f6 66 2e
0x00007fc1ecc75958:   0f 1f 84 00 00 00 00 00 45 39 f2 0f 86 d7 00 00
0x00007fc1ecc75968:   00 49 8b 40 10 44 89 f1 41 83 c6 01 4c 8b 1c c8
0x00007fc1ecc75978:   41 8b 4b 28 41 3b 4f 28 0f 83 f2 00 00 00 49 8b
0x00007fc1ecc75988:   77 30 89 c8 48 83 3c c6 00 0f 84 e1 00 00 00 49
0x00007fc1ecc75998:   8b 43 08 48 83 38 00 74 3d 49 8b 03 44 89 55 b8
0x00007fc1ecc759a8:   4c 89 df 4c 89 45 c0 4c 89 5d c8 ff 50 10 4c 8b
0x00007fc1ecc759b8:   5d c8 4c 8b 45 c0 84 c0 44 8b 55 b8 0f 85 ee 00
0x00007fc1ecc759c8:   00 00 41 8b 43 2c 83 e0 0f 83 f8 0c 0f 84 de 00
0x00007fc1ecc759d8:   00 00 41 8b 4b 28 89 c8 c1 e8 05 41 3b 04 24 0f
0x00007fc1ecc759e8:   83 13 01 00 00 49 8b 74 24 08 ba 01 00 00 00 d3
0x00007fc1ecc759f8:   e2 48 8d 34 86 89 d7 8b 06 09 c7 89 3e 85 c2 0f
0x00007fc1ecc75a08:   85 53 ff ff ff 48 8b 03 48 83 c0 10 48 89 03 48
0x00007fc1ecc75a18:   3b 43 08 0f 83 df 01 00 00 4c 89 00 4d 89 d8 44
0x00007fc1ecc75a28:   89 70 08 45 8b 53 20 45 31 f6 45 39 f2 0f 87 2e
0x00007fc1ecc75a38:   ff ff ff 0f 1f 44 00 00 ba 01 00 00 00 4c 89 c6
0x00007fc1ecc75a48:   4c 89 ff e8 f0 f4 ff ff 48 8b 03 48 3b 43 10 0f
0x00007fc1ecc75a58:   82 a3 fe ff ff 4c 8b 00 44 8b 70 08 48 83 e8 10
0x00007fc1ecc75a68:   45 8b 50 20 48 89 03 e9 ec fe ff ff 0f 1f 40 00 


Stack slot to memory mapping:
stack at sp + 0 slots: 0x00007fc1967fbb18 is pointing into the stack for thread: 0x00007fc1a830a890
stack at sp + 1 slots: 0x00007fc16081fab0 points into unknown readable memory: 0x00007fc1ed435bf0 | f0 5b 43 ed c1 7f 00 00
stack at sp + 2 slots: 0x00007fc1b4c3a8a0 points into unknown readable memory: 0x00007fc1ed431648 | 48 16 43 ed c1 7f 00 00
stack at sp + 3 slots: 0x00007fc1000001e3 is an unknown value
stack at sp + 4 slots: 0x00007fc1a82d3f38 points into unknown readable memory: 0x00007fc1ed434b20 | 20 4b 43 ed c1 7f 00 00
stack at sp + 5 slots: 0x00007fc16014eb10 points into unknown readable memory: 0x00007fc1ed430680 | 80 06 43 ed c1 7f 00 00
stack at sp + 6 slots: 0x00007fc1967fae80 is pointing into the stack for thread: 0x00007fc1a830a890
stack at sp + 7 slots: 0x00007fc1967fb160 is pointing into the stack for thread: 0x00007fc1a830a890


---------------  P R O C E S S  ---------------

Threads class SMR info:
_java_thread_list=0x00007fc16c003f80, length=26, elements={
0x00007fc1e4025cf0, 0x00007fc1e4161120, 0x00007fc1e4162690, 0x00007fc1e418b0d0,
0x00007fc1e418e9e0, 0x00007fc1e418f930, 0x00007fc1e4190f80, 0x00007fc1e4192430,
0x00007fc1e4193870, 0x00007fc1e41f94d0, 0x00007fc1e42e7580, 0x00007fc1e440cbc0,
0x00007fc1e44f7bb0, 0x00007fc1e45542b0, 0x00007fc1e4556ed0, 0x00007fc17c033880,
0x00007fc17c0b7d70, 0x00007fc17c288e60, 0x00007fc17c33f690, 0x00007fc17c342460,
0x00007fc1a830a890, 0x00007fc17c873660, 0x00007fc1e45936a0, 0x00007fc16c0023e0,
0x00007fc1e46fc3a0, 0x00007fc16c003010
}

Java Threads: ( => current thread )
  0x00007fc1e4025cf0 JavaThread "main" [_thread_blocked, id=4247, stack(0x00007fc1ebfbd000,0x00007fc1ec0bd000)]
  0x00007fc1e4161120 JavaThread "Reference Handler" daemon [_thread_blocked, id=4251, stack(0x00007fc1cddfe000,0x00007fc1cdefe000)]
  0x00007fc1e4162690 JavaThread "Finalizer" daemon [_thread_blocked, id=4254, stack(0x00007fc1cdcfe000,0x00007fc1cddfe000)]
  0x00007fc1e418b0d0 JavaThread "Signal Dispatcher" daemon [_thread_blocked, id=4255, stack(0x00007fc1cce17000,0x00007fc1ccf17000)]
  0x00007fc1e418e9e0 JavaThread "Service Thread" daemon [_thread_blocked, id=4256, stack(0x00007fc1ccd17000,0x00007fc1cce17000)]
  0x00007fc1e418f930 JavaThread "Monitor Deflation Thread" daemon [_thread_blocked, id=4257, stack(0x00007fc1ccc17000,0x00007fc1ccd17000)]
  0x00007fc1e4190f80 JavaThread "C2 CompilerThread0" daemon [_thread_in_native, id=4258, stack(0x00007fc1ccb17000,0x00007fc1ccc17000)]
  0x00007fc1e4192430 JavaThread "C1 CompilerThread0" daemon [_thread_blocked, id=4259, stack(0x00007fc1cca17000,0x00007fc1ccb17000)]
  0x00007fc1e4193870 JavaThread "Sweeper thread" daemon [_thread_blocked, id=4260, stack(0x00007fc1cc917000,0x00007fc1cca17000)]
  0x00007fc1e41f94d0 JavaThread "Common-Cleaner" daemon [_thread_blocked, id=4261, stack(0x00007fc1cc817000,0x00007fc1cc917000)]
  0x00007fc1e42e7580 JavaThread "Notification Thread" daemon [_thread_blocked, id=4272, stack(0x00007fc1cc717000,0x00007fc1cc817000)]
  0x00007fc1e440cbc0 JavaThread "process reaper" daemon [_thread_blocked, id=4284, stack(0x00007fc1e8053000,0x00007fc1e8075000)]
  0x00007fc1e44f7bb0 JavaThread "Active Thread: Equinox Container: c5e6c022-b5e4-4558-a479-4a0b6700c718" [_thread_blocked, id=4309, stack(0x00007fc1cc10f000,0x00007fc1cc20f000)]
  0x00007fc1e45542b0 JavaThread "Framework Event Dispatcher: Equinox Container: c5e6c022-b5e4-4558-a479-4a0b6700c718" daemon [_thread_blocked, id=4311, stack(0x00007fc1cc00f000,0x00007fc1cc10f000)]
  0x00007fc1e4556ed0 JavaThread "Start Level: Equinox Container: c5e6c022-b5e4-4558-a479-4a0b6700c718" daemon [_thread_blocked, id=4312, stack(0x00007fc197700000,0x00007fc197800000)]
  0x00007fc17c033880 JavaThread "SCR Component Actor" daemon [_thread_blocked, id=4315, stack(0x00007fc197300000,0x00007fc197400000)]
  0x00007fc17c0b7d70 JavaThread "SCR Component Registry" daemon [_thread_blocked, id=4318, stack(0x00007fc197200000,0x00007fc197300000)]
  0x00007fc17c288e60 JavaThread "Worker-JM" [_thread_blocked, id=4320, stack(0x00007fc197100000,0x00007fc197200000)]
  0x00007fc17c33f690 JavaThread "Worker-0: Repository registry initialization" [_thread_blocked, id=4325, stack(0x00007fc1cc515000,0x00007fc1cc615000)]
  0x00007fc17c342460 JavaThread "Worker-1" [_thread_blocked, id=4326, stack(0x00007fc197000000,0x00007fc197100000)]
=>0x00007fc1a830a890 JavaThread "C2 CompilerThread1" daemon [_thread_in_native, id=4345, stack(0x00007fc196700000,0x00007fc196800000)]
  0x00007fc17c873660 JavaThread "Java indexing" daemon [_thread_blocked, id=4354, stack(0x00007fc196600000,0x00007fc196700000)]
  0x00007fc1e45936a0 JavaThread "pool-2-thread-1" [_thread_blocked, id=4356, stack(0x00007fc196500000,0x00007fc196600000)]
  0x00007fc16c0023e0 JavaThread "Worker-2: Loading available Gradle versions" [_thread_in_vm, id=4358, stack(0x00007fc196400000,0x00007fc196500000)]
  0x00007fc1e46fc3a0 JavaThread "pool-1-thread-1" [_thread_blocked, id=4369, stack(0x00007fc195300000,0x00007fc195400000)]
  0x00007fc16c003010 JavaThread "Worker-3" [_thread_blocked, id=4373, stack(0x00007fc195200000,0x00007fc195300000)]

Other Threads:
  0x00007fc1e4151510 VMThread "VM Thread" [stack: 0x00007fc1cdf00000,0x00007fc1ce000000] [id=4250]
  0x00007fc1e4070a30 WatcherThread [stack: 0x00007fc1cc617000,0x00007fc1cc717000] [id=4273]
  0x00007fc1e403d670 GCTaskThread "GC Thread#0" [stack: 0x00007fc1e8e79000,0x00007fc1e8f79000] [id=4248]
  0x00007fc1c8001230 GCTaskThread "GC Thread#1" [stack: 0x00007fc1cc415000,0x00007fc1cc515000] [id=4298]
  0x00007fc1c8002a00 GCTaskThread "GC Thread#2" [stack: 0x00007fc1cc313000,0x00007fc1cc413000] [id=4299]
  0x00007fc1c8003240 GCTaskThread "GC Thread#3" [stack: 0x00007fc1cc211000,0x00007fc1cc311000] [id=4300]

Threads with active compile tasks:
C2 CompilerThread0     8110 3947   !   4       java.lang.reflect.Field::declaredAnnotations (82 bytes)
C2 CompilerThread1     8110 3776   !   4       org.eclipse.osgi.internal.loader.classpath.ClasspathManager::defineClass (636 bytes)

VM state: not at safepoint (normal execution)

VM Mutex/Monitor currently owned by a thread: None

Heap address: 0x00000000c0000000, size: 1024 MB, Compressed Oops mode: 32-bit

CDS archive(s) not mapped
Compressed class space mapped at: 0x0000000100000000-0x0000000140000000, reserved size: 1073741824
Narrow klass base: 0x0000000000000000, Narrow klass shift: 3, Narrow klass range: 0x140000000

GC Precious Log:
 CPUs: 4 total, 4 available
 Memory: 11837M
 Large Page Support: Disabled
 NUMA Support: Disabled
 Compressed Oops: Enabled (32-bit)
 Alignments: Space 512K, Generation 512K, Heap 2M
 Heap Min Capacity: 100M
 Heap Initial Capacity: 100M
 Heap Max Capacity: 1G
 Pre-touch: Disabled
 Parallel Workers: 4

Heap:
 PSYoungGen      total 23552K, used 1512K [0x00000000eab00000, 0x00000000ec480000, 0x0000000100000000)
  eden space 22016K, 1% used [0x00000000eab00000,0x00000000eab550b0,0x00000000ec080000)
  from space 1536K, 76% used [0x00000000ec080000,0x00000000ec1a4fa0,0x00000000ec200000)
  to   space 2048K, 0% used [0x00000000ec280000,0x00000000ec280000,0x00000000ec480000)
 ParOldGen       total 68608K, used 16228K [0x00000000c0000000, 0x00000000c4300000, 0x00000000eab00000)
  object space 68608K, 23% used [0x00000000c0000000,0x00000000c0fd92e0,0x00000000c4300000)
 Metaspace       used 46308K, committed 47168K, reserved 1097728K
  class space    used 5141K, committed 5504K, reserved 1048576K

Card table byte_map: [0x00007fc1e8f79000,0x00007fc1e917a000] _byte_map_base: 0x00007fc1e8979000

Marking Bits: (ParMarkBitMap*) 0x00007fc1ed4bd540
 Begin Bits: [0x00007fc1ce000000, 0x00007fc1cf000000)
 End Bits:   [0x00007fc1cf000000, 0x00007fc1d0000000)

Polling page: 0x00007fc1ed757000

Metaspace:

Usage:
  Non-class:     40,20 MB used.
      Class:      5,02 MB used.
       Both:     45,22 MB used.

Virtual space:
  Non-class space:       48,00 MB reserved,      40,75 MB ( 85%) committed,  6 nodes.
      Class space:        1,00 GB reserved,       5,38 MB ( <1%) committed,  1 nodes.
             Both:        1,05 GB reserved,      46,12 MB (  4%) committed. 

Chunk freelists:
   Non-Class:  2,59 MB
       Class:  2,56 MB
        Both:  5,16 MB

MaxMetaspaceSize: unlimited
CompressedClassSpaceSize: 1,00 GB
Initial GC threshold: 21,00 MB
Current GC threshold: 58,38 MB
CDS: off
MetaspaceReclaimPolicy: balanced
 - commit_granule_bytes: 65536.
 - commit_granule_words: 8192.
 - virtual_space_node_default_size: 1048576.
 - enlarge_chunks_in_place: 1.
 - new_chunks_are_fully_committed: 0.
 - uncommit_free_chunks: 1.
 - use_allocation_guard: 0.
 - handle_deallocations: 1.


Internal statistics:

num_allocs_failed_limit: 8.
num_arena_births: 540.
num_arena_deaths: 14.
num_vsnodes_births: 7.
num_vsnodes_deaths: 0.
num_space_committed: 738.
num_space_uncommitted: 0.
num_chunks_returned_to_freelist: 22.
num_chunks_taken_from_freelist: 2088.
num_chunk_merges: 12.
num_chunk_splits: 1340.
num_chunks_enlarged: 783.
num_purges: 2.
num_inconsistent_stats: 0.

CodeHeap 'non-profiled nmethods': size=120032Kb used=1654Kb max_used=1654Kb free=118378Kb
 bounds [0x00007fc1dcac8000, 0x00007fc1dcd38000, 0x00007fc1e4000000]
CodeHeap 'profiled nmethods': size=120028Kb used=8010Kb max_used=8010Kb free=112017Kb
 bounds [0x00007fc1d5591000, 0x00007fc1d5d71000, 0x00007fc1dcac8000]
CodeHeap 'non-nmethods': size=5700Kb used=1283Kb max_used=1316Kb free=4416Kb
 bounds [0x00007fc1d5000000, 0x00007fc1d5270000, 0x00007fc1d5591000]
 total_blobs=4652 nmethods=4042 adapters=525
 compilation: enabled
              stopped_count=0, restarted_count=0
 full_count=0

Compilation events (20 events):
Event: 8,077 Thread 0x00007fc1e4192430 4039       2       java.nio.Buffer::remaining (20 bytes)
Event: 8,077 Thread 0x00007fc1e4192430 nmethod 4039 0x00007fc1d5d53590 code [0x00007fc1d5d53720, 0x00007fc1d5d53830]
Event: 8,078 Thread 0x00007fc1e4192430 4041 %     3       java.util.regex.Pattern$Branch::match @ 3 (66 bytes)
Event: 8,078 Thread 0x00007fc1e4192430 nmethod 4041% 0x00007fc1d5d53890 code [0x00007fc1d5d53a80, 0x00007fc1d5d53fd0]
Event: 8,078 Thread 0x00007fc1e4192430 4042       3       java.util.regex.Pattern$Branch::match (66 bytes)
Event: 8,078 Thread 0x00007fc1e4192430 nmethod 4042 0x00007fc1d5d54190 code [0x00007fc1d5d54380, 0x00007fc1d5d54850]
Event: 8,081 Thread 0x00007fc1e4192430 4043       2       sun.security.util.AlgorithmDecomposer::decompose (336 bytes)
Event: 8,081 Thread 0x00007fc1e4192430 nmethod 4043 0x00007fc1d5d54a10 code [0x00007fc1d5d54da0, 0x00007fc1d5d55660]
Event: 8,082 Thread 0x00007fc1e4192430 4044       1       java.security.AlgorithmParameters::getAlgorithm (5 bytes)
Event: 8,082 Thread 0x00007fc1e4192430 nmethod 4044 0x00007fc1dcc64f10 code [0x00007fc1dcc650a0, 0x00007fc1dcc65170]
Event: 8,083 Thread 0x00007fc1e4192430 4045       2       sun.security.ssl.SSLAlgorithmConstraints::permits (96 bytes)
Event: 8,083 Thread 0x00007fc1e4192430 nmethod 4045 0x00007fc1d5d55a90 code [0x00007fc1d5d55c60, 0x00007fc1d5d55eb0]
Event: 8,084 Thread 0x00007fc1e4192430 4046       2       org.eclipse.sisu.inject.Implementations$ClassFinder::visit (9 bytes)
Event: 8,084 Thread 0x00007fc1e4192430 nmethod 4046 0x00007fc1d5d55f90 code [0x00007fc1d5d56140, 0x00007fc1d5d562d0]
Event: 8,084 Thread 0x00007fc1e4192430 4047       2       org.eclipse.sisu.inject.Implementations$ClassFinder::visit (13 bytes)
Event: 8,084 Thread 0x00007fc1e4192430 nmethod 4047 0x00007fc1d5d56490 code [0x00007fc1d5d56640, 0x00007fc1d5d56790]
Event: 8,084 Thread 0x00007fc1e4192430 4048       2       org.eclipse.sisu.inject.InjectorBindings::isAssignableFrom (28 bytes)
Event: 8,084 Thread 0x00007fc1e4192430 nmethod 4048 0x00007fc1d5d56910 code [0x00007fc1d5d56ae0, 0x00007fc1d5d56d20]
Event: 8,084 Thread 0x00007fc1e4192430 4049       2       org.eclipse.sisu.inject.Implementations::find (13 bytes)
Event: 8,084 Thread 0x00007fc1e4192430 nmethod 4049 0x00007fc1d5d56e90 code [0x00007fc1d5d57040, 0x00007fc1d5d57180]

GC Heap History (20 events):
Event: 3,898 GC heap before
{Heap before GC invocations=5 (full 1):
 PSYoungGen      total 29696K, used 4090K [0x00000000eab00000, 0x00000000ecc00000, 0x0000000100000000)
  eden space 25600K, 0% used [0x00000000eab00000,0x00000000eab00000,0x00000000ec400000)
  from space 4096K, 99% used [0x00000000ec800000,0x00000000ecbfea38,0x00000000ecc00000)
  to   space 4096K, 0% used [0x00000000ec400000,0x00000000ec400000,0x00000000ec800000)
 ParOldGen       total 68608K, used 4355K [0x00000000c0000000, 0x00000000c4300000, 0x00000000eab00000)
  object space 68608K, 6% used [0x00000000c0000000,0x00000000c0440f68,0x00000000c4300000)
 Metaspace       used 21101K, committed 21504K, reserved 1073152K
  class space    used 2170K, committed 2304K, reserved 1048576K
}
Event: 3,951 GC heap after
{Heap after GC invocations=5 (full 1):
 PSYoungGen      total 29696K, used 0K [0x00000000eab00000, 0x00000000ecc00000, 0x0000000100000000)
  eden space 25600K, 0% used [0x00000000eab00000,0x00000000eab00000,0x00000000ec400000)
  from space 4096K, 0% used [0x00000000ec800000,0x00000000ec800000,0x00000000ecc00000)
  to   space 4096K, 0% used [0x00000000ec400000,0x00000000ec400000,0x00000000ec800000)
 ParOldGen       total 68608K, used 8264K [0x00000000c0000000, 0x00000000c4300000, 0x00000000eab00000)
  object space 68608K, 12% used [0x00000000c0000000,0x00000000c0812030,0x00000000c4300000)
 Metaspace       used 21088K, committed 21504K, reserved 1073152K
  class space    used 2167K, committed 2304K, reserved 1048576K
}
Event: 5,283 GC heap before
{Heap before GC invocations=6 (full 1):
 PSYoungGen      total 29696K, used 25600K [0x00000000eab00000, 0x00000000ecc00000, 0x0000000100000000)
  eden space 25600K, 100% used [0x00000000eab00000,0x00000000ec400000,0x00000000ec400000)
  from space 4096K, 0% used [0x00000000ec800000,0x00000000ec800000,0x00000000ecc00000)
  to   space 4096K, 0% used [0x00000000ec400000,0x00000000ec400000,0x00000000ec800000)
 ParOldGen       total 68608K, used 8264K [0x00000000c0000000, 0x00000000c4300000, 0x00000000eab00000)
  object space 68608K, 12% used [0x00000000c0000000,0x00000000c0812030,0x00000000c4300000)
 Metaspace       used 24383K, committed 25088K, reserved 1073152K
  class space    used 2562K, committed 2880K, reserved 1048576K
}
Event: 5,289 GC heap after
{Heap after GC invocations=6 (full 1):
 PSYoungGen      total 27136K, used 1761K [0x00000000eab00000, 0x00000000ec980000, 0x0000000100000000)
  eden space 25088K, 0% used [0x00000000eab00000,0x00000000eab00000,0x00000000ec380000)
  from space 2048K, 86% used [0x00000000ec400000,0x00000000ec5b87d8,0x00000000ec600000)
  to   space 3072K, 0% used [0x00000000ec680000,0x00000000ec680000,0x00000000ec980000)
 ParOldGen       total 68608K, used 8272K [0x00000000c0000000, 0x00000000c4300000, 0x00000000eab00000)
  object space 68608K, 12% used [0x00000000c0000000,0x00000000c0814030,0x00000000c4300000)
 Metaspace       used 24383K, committed 25088K, reserved 1073152K
  class space    used 2562K, committed 2880K, reserved 1048576K
}
Event: 5,667 GC heap before
{Heap before GC invocations=7 (full 1):
 PSYoungGen      total 27136K, used 26849K [0x00000000eab00000, 0x00000000ec980000, 0x0000000100000000)
  eden space 25088K, 100% used [0x00000000eab00000,0x00000000ec380000,0x00000000ec380000)
  from space 2048K, 86% used [0x00000000ec400000,0x00000000ec5b87d8,0x00000000ec600000)
  to   space 3072K, 0% used [0x00000000ec680000,0x00000000ec680000,0x00000000ec980000)
 ParOldGen       total 68608K, used 8272K [0x00000000c0000000, 0x00000000c4300000, 0x00000000eab00000)
  object space 68608K, 12% used [0x00000000c0000000,0x00000000c0814030,0x00000000c4300000)
 Metaspace       used 27892K, committed 28608K, reserved 1081344K
  class space    used 2816K, committed 3136K, reserved 1048576K
}
Event: 5,670 GC heap after
{Heap after GC invocations=7 (full 1):
 PSYoungGen      total 26624K, used 2038K [0x00000000eab00000, 0x00000000ec880000, 0x0000000100000000)
  eden space 24576K, 0% used [0x00000000eab00000,0x00000000eab00000,0x00000000ec300000)
  from space 2048K, 99% used [0x00000000ec680000,0x00000000ec87daf0,0x00000000ec880000)
  to   space 2560K, 0% used [0x00000000ec380000,0x00000000ec380000,0x00000000ec600000)
 ParOldGen       total 68608K, used 8280K [0x00000000c0000000, 0x00000000c4300000, 0x00000000eab00000)
  object space 68608K, 12% used [0x00000000c0000000,0x00000000c0816030,0x00000000c4300000)
 Metaspace       used 27892K, committed 28608K, reserved 1081344K
  class space    used 2816K, committed 3136K, reserved 1048576K
}
Event: 5,960 GC heap before
{Heap before GC invocations=8 (full 1):
 PSYoungGen      total 26624K, used 26614K [0x00000000eab00000, 0x00000000ec880000, 0x0000000100000000)
  eden space 24576K, 100% used [0x00000000eab00000,0x00000000ec300000,0x00000000ec300000)
  from space 2048K, 99% used [0x00000000ec680000,0x00000000ec87daf0,0x00000000ec880000)
  to   space 2560K, 0% used [0x00000000ec380000,0x00000000ec380000,0x00000000ec600000)
 ParOldGen       total 68608K, used 8280K [0x00000000c0000000, 0x00000000c4300000, 0x00000000eab00000)
  object space 68608K, 12% used [0x00000000c0000000,0x00000000c0816030,0x00000000c4300000)
 Metaspace       used 30618K, committed 31296K, reserved 1081344K
  class space    used 3047K, committed 3328K, reserved 1048576K
}
Event: 5,964 GC heap after
{Heap after GC invocations=8 (full 1):
 PSYoungGen      total 26624K, used 2542K [0x00000000eab00000, 0x00000000ec980000, 0x0000000100000000)
  eden space 24064K, 0% used [0x00000000eab00000,0x00000000eab00000,0x00000000ec280000)
  from space 2560K, 99% used [0x00000000ec380000,0x00000000ec5fba28,0x00000000ec600000)
  to   space 3584K, 0% used [0x00000000ec600000,0x00000000ec600000,0x00000000ec980000)
 ParOldGen       total 68608K, used 8856K [0x00000000c0000000, 0x00000000c4300000, 0x00000000eab00000)
  object space 68608K, 12% used [0x00000000c0000000,0x00000000c08a6050,0x00000000c4300000)
 Metaspace       used 30618K, committed 31296K, reserved 1081344K
  class space    used 3047K, committed 3328K, reserved 1048576K
}
Event: 6,540 GC heap before
{Heap before GC invocations=9 (full 1):
 PSYoungGen      total 26624K, used 26606K [0x00000000eab00000, 0x00000000ec980000, 0x0000000100000000)
  eden space 24064K, 100% used [0x00000000eab00000,0x00000000ec280000,0x00000000ec280000)
  from space 2560K, 99% used [0x00000000ec380000,0x00000000ec5fba28,0x00000000ec600000)
  to   space 3584K, 0% used [0x00000000ec600000,0x00000000ec600000,0x00000000ec980000)
 ParOldGen       total 68608K, used 8856K [0x00000000c0000000, 0x00000000c4300000, 0x00000000eab00000)
  object space 68608K, 12% used [0x00000000c0000000,0x00000000c08a6050,0x00000000c4300000)
 Metaspace       used 34700K, committed 35456K, reserved 1081344K
  class space    used 3580K, committed 3904K, reserved 1048576K
}
Event: 6,546 GC heap after
{Heap after GC invocations=9 (full 1):
 PSYoungGen      total 27136K, used 3563K [0x00000000eab00000, 0x00000000eca00000, 0x0000000100000000)
  eden space 23552K, 0% used [0x00000000eab00000,0x00000000eab00000,0x00000000ec200000)
  from space 3584K, 99% used [0x00000000ec600000,0x00000000ec97ac00,0x00000000ec980000)
  to   space 4096K, 0% used [0x00000000ec200000,0x00000000ec200000,0x00000000ec600000)
 ParOldGen       total 68608K, used 9080K [0x00000000c0000000, 0x00000000c4300000, 0x00000000eab00000)
  object space 68608K, 13% used [0x00000000c0000000,0x00000000c08de070,0x00000000c4300000)
 Metaspace       used 34700K, committed 35456K, reserved 1081344K
  class space    used 3580K, committed 3904K, reserved 1048576K
}
Event: 6,596 GC heap before
{Heap before GC invocations=10 (full 1):
 PSYoungGen      total 27136K, used 5989K [0x00000000eab00000, 0x00000000eca00000, 0x0000000100000000)
  eden space 23552K, 10% used [0x00000000eab00000,0x00000000ead5eb98,0x00000000ec200000)
  from space 3584K, 99% used [0x00000000ec600000,0x00000000ec97ac00,0x00000000ec980000)
  to   space 4096K, 0% used [0x00000000ec200000,0x00000000ec200000,0x00000000ec600000)
 ParOldGen       total 68608K, used 9080K [0x00000000c0000000, 0x00000000c4300000, 0x00000000eab00000)
  object space 68608K, 13% used [0x00000000c0000000,0x00000000c08de070,0x00000000c4300000)
 Metaspace       used 35048K, committed 35840K, reserved 1081344K
  class space    used 3624K, committed 3968K, reserved 1048576K
}
Event: 6,600 GC heap after
{Heap after GC invocations=10 (full 1):
 PSYoungGen      total 26112K, used 2191K [0x00000000eab00000, 0x00000000ec800000, 0x0000000100000000)
  eden space 23552K, 0% used [0x00000000eab00000,0x00000000eab00000,0x00000000ec200000)
  from space 2560K, 85% used [0x00000000ec200000,0x00000000ec423d80,0x00000000ec480000)
  to   space 3072K, 0% used [0x00000000ec500000,0x00000000ec500000,0x00000000ec800000)
 ParOldGen       total 68608K, used 10570K [0x00000000c0000000, 0x00000000c4300000, 0x00000000eab00000)
  object space 68608K, 15% used [0x00000000c0000000,0x00000000c0a52ba8,0x00000000c4300000)
 Metaspace       used 35048K, committed 35840K, reserved 1081344K
  class space    used 3624K, committed 3968K, reserved 1048576K
}
Event: 6,600 GC heap before
{Heap before GC invocations=11 (full 2):
 PSYoungGen      total 26112K, used 2191K [0x00000000eab00000, 0x00000000ec800000, 0x0000000100000000)
  eden space 23552K, 0% used [0x00000000eab00000,0x00000000eab00000,0x00000000ec200000)
  from space 2560K, 85% used [0x00000000ec200000,0x00000000ec423d80,0x00000000ec480000)
  to   space 3072K, 0% used [0x00000000ec500000,0x00000000ec500000,0x00000000ec800000)
 ParOldGen       total 68608K, used 10570K [0x00000000c0000000, 0x00000000c4300000, 0x00000000eab00000)
  object space 68608K, 15% used [0x00000000c0000000,0x00000000c0a52ba8,0x00000000c4300000)
 Metaspace       used 35048K, committed 35840K, reserved 1081344K
  class space    used 3624K, committed 3968K, reserved 1048576K
}
Event: 6,686 GC heap after
{Heap after GC invocations=11 (full 2):
 PSYoungGen      total 26112K, used 0K [0x00000000eab00000, 0x00000000ec800000, 0x0000000100000000)
  eden space 23552K, 0% used [0x00000000eab00000,0x00000000eab00000,0x00000000ec200000)
  from space 2560K, 0% used [0x00000000ec200000,0x00000000ec200000,0x00000000ec480000)
  to   space 3072K, 0% used [0x00000000ec500000,0x00000000ec500000,0x00000000ec800000)
 ParOldGen       total 68608K, used 12536K [0x00000000c0000000, 0x00000000c4300000, 0x00000000eab00000)
  object space 68608K, 18% used [0x00000000c0000000,0x00000000c0c3e298,0x00000000c4300000)
 Metaspace       used 35048K, committed 35840K, reserved 1081344K
  class space    used 3624K, committed 3968K, reserved 1048576K
}
Event: 7,070 GC heap before
{Heap before GC invocations=12 (full 2):
 PSYoungGen      total 26112K, used 23552K [0x00000000eab00000, 0x00000000ec800000, 0x0000000100000000)
  eden space 23552K, 100% used [0x00000000eab00000,0x00000000ec200000,0x00000000ec200000)
  from space 2560K, 0% used [0x00000000ec200000,0x00000000ec200000,0x00000000ec480000)
  to   space 3072K, 0% used [0x00000000ec500000,0x00000000ec500000,0x00000000ec800000)
 ParOldGen       total 68608K, used 12536K [0x00000000c0000000, 0x00000000c4300000, 0x00000000eab00000)
  object space 68608K, 18% used [0x00000000c0000000,0x00000000c0c3e298,0x00000000c4300000)
 Metaspace       used 37909K, committed 38784K, reserved 1089536K
  class space    used 4030K, committed 4416K, reserved 1048576K
}
Event: 7,073 GC heap after
{Heap after GC invocations=12 (full 2):
 PSYoungGen      total 24064K, used 1004K [0x00000000eab00000, 0x00000000ec600000, 0x0000000100000000)
  eden space 23040K, 0% used [0x00000000eab00000,0x00000000eab00000,0x00000000ec180000)
  from space 1024K, 98% used [0x00000000ec500000,0x00000000ec5fb240,0x00000000ec600000)
  to   space 2048K, 0% used [0x00000000ec200000,0x00000000ec200000,0x00000000ec400000)
 ParOldGen       total 68608K, used 12544K [0x00000000c0000000, 0x00000000c4300000, 0x00000000eab00000)
  object space 68608K, 18% used [0x00000000c0000000,0x00000000c0c40298,0x00000000c4300000)
 Metaspace       used 37909K, committed 38784K, reserved 1089536K
  class space    used 4030K, committed 4416K, reserved 1048576K
}
Event: 7,378 GC heap before
{Heap before GC invocations=13 (full 2):
 PSYoungGen      total 24064K, used 24044K [0x00000000eab00000, 0x00000000ec600000, 0x0000000100000000)
  eden space 23040K, 100% used [0x00000000eab00000,0x00000000ec180000,0x00000000ec180000)
  from space 1024K, 98% used [0x00000000ec500000,0x00000000ec5fb240,0x00000000ec600000)
  to   space 2048K, 0% used [0x00000000ec200000,0x00000000ec200000,0x00000000ec400000)
 ParOldGen       total 68608K, used 12544K [0x00000000c0000000, 0x00000000c4300000, 0x00000000eab00000)
  object space 68608K, 18% used [0x00000000c0000000,0x00000000c0c40298,0x00000000c4300000)
 Metaspace       used 40202K, committed 41152K, reserved 1089536K
  class space    used 4326K, committed 4736K, reserved 1048576K
}
Event: 7,382 GC heap after
{Heap after GC invocations=13 (full 2):
 PSYoungGen      total 24576K, used 1167K [0x00000000eab00000, 0x00000000ec580000, 0x0000000100000000)
  eden space 22528K, 0% used [0x00000000eab00000,0x00000000eab00000,0x00000000ec100000)
  from space 2048K, 56% used [0x00000000ec200000,0x00000000ec323c58,0x00000000ec400000)
  to   space 1536K, 0% used [0x00000000ec400000,0x00000000ec400000,0x00000000ec580000)
 ParOldGen       total 68608K, used 13383K [0x00000000c0000000, 0x00000000c4300000, 0x00000000eab00000)
  object space 68608K, 19% used [0x00000000c0000000,0x00000000c0d11e20,0x00000000c4300000)
 Metaspace       used 40202K, committed 41152K, reserved 1089536K
  class space    used 4326K, committed 4736K, reserved 1048576K
}
Event: 7,672 GC heap before
{Heap before GC invocations=14 (full 2):
 PSYoungGen      total 24576K, used 23695K [0x00000000eab00000, 0x00000000ec580000, 0x0000000100000000)
  eden space 22528K, 100% used [0x00000000eab00000,0x00000000ec100000,0x00000000ec100000)
  from space 2048K, 56% used [0x00000000ec200000,0x00000000ec323c58,0x00000000ec400000)
  to   space 1536K, 0% used [0x00000000ec400000,0x00000000ec400000,0x00000000ec580000)
 ParOldGen       total 68608K, used 13383K [0x00000000c0000000, 0x00000000c4300000, 0x00000000eab00000)
  object space 68608K, 19% used [0x00000000c0000000,0x00000000c0d11e20,0x00000000c4300000)
 Metaspace       used 43035K, committed 43968K, reserved 1089536K
  class space    used 4670K, committed 5056K, reserved 1048576K
}
Event: 7,679 GC heap after
{Heap after GC invocations=14 (full 2):
 PSYoungGen      total 23552K, used 1536K [0x00000000eab00000, 0x00000000ec780000, 0x0000000100000000)
  eden space 22016K, 0% used [0x00000000eab00000,0x00000000eab00000,0x00000000ec080000)
  from space 1536K, 100% used [0x00000000ec400000,0x00000000ec580000,0x00000000ec580000)
  to   space 3584K, 0% used [0x00000000ec080000,0x00000000ec080000,0x00000000ec400000)
 ParOldGen       total 68608K, used 14664K [0x00000000c0000000, 0x00000000c4300000, 0x00000000eab00000)
  object space 68608K, 21% used [0x00000000c0000000,0x00000000c0e521a0,0x00000000c4300000)
 Metaspace       used 43035K, committed 43968K, reserved 1089536K
  class space    used 4670K, committed 5056K, reserved 1048576K
}

Deoptimization events (20 events):
Event: 8,014 Thread 0x00007fc16c0023e0 DEOPT PACKING pc=0x00007fc1dcc07260 sp=0x00007fc1964fdb60
Event: 8,014 Thread 0x00007fc16c0023e0 DEOPT UNPACKING pc=0x00007fc1d5051d99 sp=0x00007fc1964fdb40 mode 2
Event: 8,014 Thread 0x00007fc16c0023e0 Uncommon trap: trap_request=0xffffffde fr.pc=0x00007fc1dcc07260 relative=0x00000000000005a0
Event: 8,014 Thread 0x00007fc16c0023e0 Uncommon trap: reason=class_check action=maybe_recompile pc=0x00007fc1dcc07260 method=java.lang.AbstractStringBuilder.<init>(Ljava/lang/String;)V @ 58 c2
Event: 8,014 Thread 0x00007fc16c0023e0 DEOPT PACKING pc=0x00007fc1dcc07260 sp=0x00007fc1964fdb60
Event: 8,014 Thread 0x00007fc16c0023e0 DEOPT UNPACKING pc=0x00007fc1d5051d99 sp=0x00007fc1964fdb40 mode 2
Event: 8,014 Thread 0x00007fc16c0023e0 Uncommon trap: trap_request=0xffffffde fr.pc=0x00007fc1dcc07260 relative=0x00000000000005a0
Event: 8,014 Thread 0x00007fc16c0023e0 Uncommon trap: reason=class_check action=maybe_recompile pc=0x00007fc1dcc07260 method=java.lang.AbstractStringBuilder.<init>(Ljava/lang/String;)V @ 58 c2
Event: 8,014 Thread 0x00007fc16c0023e0 DEOPT PACKING pc=0x00007fc1dcc07260 sp=0x00007fc1964fdb60
Event: 8,014 Thread 0x00007fc16c0023e0 DEOPT UNPACKING pc=0x00007fc1d5051d99 sp=0x00007fc1964fdb40 mode 2
Event: 8,028 Thread 0x00007fc16c0023e0 Uncommon trap: trap_request=0xffffffde fr.pc=0x00007fc1dcc07260 relative=0x00000000000005a0
Event: 8,028 Thread 0x00007fc16c0023e0 Uncommon trap: reason=class_check action=maybe_recompile pc=0x00007fc1dcc07260 method=java.lang.AbstractStringBuilder.<init>(Ljava/lang/String;)V @ 58 c2
Event: 8,028 Thread 0x00007fc16c0023e0 DEOPT PACKING pc=0x00007fc1dcc07260 sp=0x00007fc1964fdff0
Event: 8,028 Thread 0x00007fc16c0023e0 DEOPT UNPACKING pc=0x00007fc1d5051d99 sp=0x00007fc1964fdfd0 mode 2
Event: 8,030 Thread 0x00007fc16c0023e0 Uncommon trap: trap_request=0xffffff76 fr.pc=0x00007fc1dcc3d4b8 relative=0x00000000000003f8
Event: 8,030 Thread 0x00007fc16c0023e0 Uncommon trap: reason=predicate action=maybe_recompile pc=0x00007fc1dcc3d4b8 method=java.util.regex.Pattern$SliceI.match(Ljava/util/regex/Matcher;ILjava/lang/CharSequence;)Z @ 18 c2
Event: 8,030 Thread 0x00007fc16c0023e0 DEOPT PACKING pc=0x00007fc1dcc3d4b8 sp=0x00007fc1964fda00
Event: 8,030 Thread 0x00007fc16c0023e0 DEOPT UNPACKING pc=0x00007fc1d5051d99 sp=0x00007fc1964fd998 mode 2
Event: 8,079 Thread 0x00007fc16c0023e0 DEOPT PACKING pc=0x00007fc1d5c449c9 sp=0x00007fc1964fd940
Event: 8,079 Thread 0x00007fc16c0023e0 DEOPT UNPACKING pc=0x00007fc1d505252f sp=0x00007fc1964fce00 mode 0

Classes unloaded (7 events):
Event: 3,907 Thread 0x00007fc1e4151510 Unloading class 0x000000010021e800 'java/lang/invoke/LambdaForm$MH+0x000000010021e800'
Event: 3,907 Thread 0x00007fc1e4151510 Unloading class 0x000000010021e400 'java/lang/invoke/LambdaForm$MH+0x000000010021e400'
Event: 3,907 Thread 0x00007fc1e4151510 Unloading class 0x000000010021e000 'java/lang/invoke/LambdaForm$MH+0x000000010021e000'
Event: 3,907 Thread 0x00007fc1e4151510 Unloading class 0x000000010021dc00 'java/lang/invoke/LambdaForm$MH+0x000000010021dc00'
Event: 3,907 Thread 0x00007fc1e4151510 Unloading class 0x000000010021d400 'java/lang/invoke/LambdaForm$BMH+0x000000010021d400'
Event: 3,907 Thread 0x00007fc1e4151510 Unloading class 0x000000010021d000 'java/lang/invoke/LambdaForm$DMH+0x000000010021d000'
Event: 3,907 Thread 0x00007fc1e4151510 Unloading class 0x0000000100218400 'java/lang/invoke/LambdaForm$DMH+0x0000000100218400'

Classes redefined (0 events):
No events

Internal exceptions (20 events):
Event: 5,052 Thread 0x00007fc1e4556ed0 Exception <a 'java/lang/NoSuchMethodError'{0x00000000ec0107e8}: 'java.lang.Object java.lang.invoke.DirectMethodHandle$Holder.newInvokeSpecial(java.lang.Object, java.lang.Object, java.lang.Object, java.lang.Object, java.lang.Object, java.lang.Object, java.lang.Object)'> (0x00000000ec0107e8) 
thrown [src/hotspot/share/interpreter/linkResolver.cpp, line 758]
Event: 5,090 Thread 0x00007fc1e4556ed0 Exception <a 'java/lang/NoSuchMethodError'{0x00000000ec065938}: 'java.lang.Object java.lang.invoke.DirectMethodHandle$Holder.invokeSpecial(java.lang.Object, java.lang.Object, java.lang.Object, java.lang.Object, java.lang.Object, java.lang.Object, java.lang.Object, java.lang.Object, java.lang.Object, java.lang.Object, java.lang.Object, java.lang.Object, java.lang.Object)'> (0x00000000ec065938) 
thrown [src/hotspot/share/interpreter/linkResolver.cpp, line 758]
Event: 5,091 Thread 0x00007fc1e4556ed0 Exception <a 'java/lang/NoSuchMethodError'{0x00000000ec06b468}: 'java.lang.Object java.lang.invoke.Invokers$Holder.invoker(java.lang.Object, java.lang.Object, java.lang.Object, java.lang.Object, java.lang.Object, java.lang.Object, java.lang.Object, java.lang.Object, java.lang.Object, java.lang.Object, java.lang.Object, java.lang.Object, java.lang.Object)'> (0x00000000ec06b468) 
thrown [src/hotspot/share/interpreter/linkResolver.cpp, line 758]
Event: 5,100 Thread 0x00007fc1e4556ed0 Exception <a 'java/lang/NoSuchMethodError'{0x00000000ec072168}: 'java.lang.Object java.lang.invoke.DirectMethodHandle$Holder.invokeSpecial(java.lang.Object, java.lang.Object, java.lang.Object, java.lang.Object, java.lang.Object, java.lang.Object, java.lang.Object, java.lang.Object, java.lang.Object, java.lang.Object, java.lang.Object, java.lang.Object, java.lang.Object, java.lang.Object)'> (0x00000000ec072168) 
thrown [src/hotspot/share/interpreter/linkResolver.cpp, line 758]
Event: 5,122 Thread 0x00007fc1e4556ed0 Exception <a 'java/lang/NoSuchMethodError'{0x00000000ec0cbce0}: static Lorg/eclipse/m2e/core/internal/lifecyclemapping/model/PluginExecutionMetadata;.<clinit>()V> (0x00000000ec0cbce0) 
thrown [src/hotspot/share/prims/jni.cpp, line 1107]
Event: 5,151 Thread 0x00007fc1e4556ed0 Exception <a 'java/lang/NoSuchMethodError'{0x00000000ec120520}: static Lorg/eclipse/m2e/core/internal/lifecyclemapping/model/PluginExecutionFilter;.<clinit>()V> (0x00000000ec120520) 
thrown [src/hotspot/share/prims/jni.cpp, line 1107]
Event: 5,830 Thread 0x00007fc1e4556ed0 Exception <a 'java/lang/ClassNotFoundException'{0x00000000ebed06a0}: com/sun/org/apache/xerces/internal/impl/msg/spi/DOMMessagesProvider> (0x00000000ebed06a0) 
thrown [src/hotspot/share/classfile/systemDictionary.cpp, line 256]
Event: 5,832 Thread 0x00007fc1e4556ed0 Exception <a 'java/lang/ClassNotFoundException'{0x00000000ebefedf0}: com/sun/org/apache/xerces/internal/impl/msg/spi/XMLSerializerMessagesProvider> (0x00000000ebefedf0) 
thrown [src/hotspot/share/classfile/systemDictionary.cpp, line 256]
Event: 5,833 Thread 0x00007fc1e4556ed0 Exception <a 'java/lang/ClassNotFoundException'{0x00000000ebf17330}: com/sun/org/apache/xerces/internal/impl/msg/spi/XMLMessagesProvider> (0x00000000ebf17330) 
thrown [src/hotspot/share/classfile/systemDictionary.cpp, line 256]
Event: 5,932 Thread 0x00007fc1e4556ed0 Exception <a 'sun/nio/fs/UnixException'{0x00000000ec1f5538}> (0x00000000ec1f5538) 
thrown [src/hotspot/share/prims/jni.cpp, line 516]
Event: 6,068 Thread 0x00007fc1e4556ed0 Exception <a 'java/lang/ClassNotFoundException'{0x00000000eaf2e8f8}: com/sun/org/apache/xml/internal/serializer/spi/XMLEntitiesProvider> (0x00000000eaf2e8f8) 
thrown [src/hotspot/share/classfile/systemDictionary.cpp, line 256]
Event: 6,260 Thread 0x00007fc1e4556ed0 Exception <a 'java/io/FileNotFoundException'{0x00000000eb252ff8}> (0x00000000eb252ff8) 
thrown [src/hotspot/share/prims/jni.cpp, line 516]
Event: 6,286 Thread 0x00007fc1e4556ed0 Exception <a 'java/io/FileNotFoundException'{0x00000000eb2e9588}> (0x00000000eb2e9588) 
thrown [src/hotspot/share/prims/jni.cpp, line 516]
Event: 6,296 Thread 0x00007fc1e4556ed0 Exception <a 'java/io/FileNotFoundException'{0x00000000eb368000}> (0x00000000eb368000) 
thrown [src/hotspot/share/prims/jni.cpp, line 516]
Event: 6,465 Thread 0x00007fc1e4025cf0 Exception <a 'java/lang/NoSuchMethodError'{0x00000000ebcfd998}: 'void java.lang.invoke.DirectMethodHandle$Holder.invokeStatic(java.lang.Object, java.lang.Object, java.lang.Object, java.lang.Object)'> (0x00000000ebcfd998) 
thrown [src/hotspot/share/interpreter/linkResolver.cpp, line 758]
Event: 6,811 Thread 0x00007fc1e4025cf0 Exception <a 'java/lang/NoSuchMethodError'{0x00000000eb29d838}: 'void java.lang.invoke.DirectMethodHandle$Holder.invokeSpecial(java.lang.Object, java.lang.Object, java.lang.Object, java.lang.Object, java.lang.Object, java.lang.Object)'> (0x00000000eb29d838) 
thrown [src/hotspot/share/interpreter/linkResolver.cpp, line 758]
Event: 6,964 Thread 0x00007fc17c33f690 Exception <a 'java/lang/NoClassDefFoundError'{0x00000000ebaf2a28}: javax/enterprise/inject/Typed> (0x00000000ebaf2a28) 
thrown [src/hotspot/share/classfile/systemDictionary.cpp, line 245]
Event: 7,043 Thread 0x00007fc1e46fc3a0 Exception <a 'java/io/FileNotFoundException'{0x00000000ec019038}> (0x00000000ec019038) 
thrown [src/hotspot/share/prims/jni.cpp, line 516]
Event: 7,126 Thread 0x00007fc1e46fc3a0 Implicit null exception at 0x00007fc1dcbdb24d to 0x00007fc1dcbdbf64
Event: 8,071 Thread 0x00007fc17c33f690 Exception <a 'java/lang/NoClassDefFoundError'{0x00000000ebcc59c0}: com/google/inject/servlet/ServletModuleTargetVisitor> (0x00000000ebcc59c0) 
thrown [src/hotspot/share/classfile/systemDictionary.cpp, line 245]

VM Operations (20 events):
Event: 7,356 Executing VM operation: HandshakeAllThreads
Event: 7,356 Executing VM operation: HandshakeAllThreads done
Event: 7,376 Executing VM operation: ParallelGCFailedAllocation
Event: 7,382 Executing VM operation: ParallelGCFailedAllocation done
Event: 7,402 Executing VM operation: HandshakeAllThreads
Event: 7,404 Executing VM operation: HandshakeAllThreads done
Event: 7,442 Executing VM operation: HandshakeAllThreads
Event: 7,442 Executing VM operation: HandshakeAllThreads done
Event: 7,656 Executing VM operation: HandshakeAllThreads
Event: 7,665 Executing VM operation: HandshakeAllThreads done
Event: 7,672 Executing VM operation: ParallelGCFailedAllocation
Event: 7,679 Executing VM operation: ParallelGCFailedAllocation done
Event: 7,761 Executing VM operation: HandshakeAllThreads
Event: 7,761 Executing VM operation: HandshakeAllThreads done
Event: 7,813 Executing VM operation: HandshakeAllThreads
Event: 7,813 Executing VM operation: HandshakeAllThreads done
Event: 7,861 Executing VM operation: HandshakeAllThreads
Event: 7,861 Executing VM operation: HandshakeAllThreads done
Event: 8,051 Executing VM operation: HandshakeAllThreads
Event: 8,051 Executing VM operation: HandshakeAllThreads done

Events (20 events):
Event: 8,076 loading class sun/security/ssl/CertStatusExtension$CertStatusRequestSpec
Event: 8,076 loading class sun/security/ssl/CertStatusExtension$CertStatusRequestSpec done
Event: 8,076 loading class sun/security/ssl/CertStatusExtension$OCSPStatusRequest
Event: 8,076 loading class sun/security/ssl/CertStatusExtension$CertStatusRequest
Event: 8,077 loading class sun/security/ssl/CertStatusExtension$CertStatusRequest done
Event: 8,077 loading class sun/security/ssl/CertStatusExtension$OCSPStatusRequest done
Event: 8,077 loading class sun/security/ssl/CertStatusExtension$CertStatusRequestType
Event: 8,077 loading class sun/security/ssl/CertStatusExtension$CertStatusRequestType done
Event: 8,079 loading class sun/security/ssl/SupportedGroupsExtension$SupportedGroupsSpec
Event: 8,079 loading class sun/security/ssl/SupportedGroupsExtension$SupportedGroupsSpec done
Event: 8,079 loading class sun/security/ssl/ECPointFormatsExtension$ECPointFormatsSpec
Event: 8,080 loading class sun/security/ssl/ECPointFormatsExtension$ECPointFormatsSpec done
Event: 8,080 loading class sun/security/ssl/ECPointFormatsExtension$ECPointFormat
Event: 8,080 loading class sun/security/ssl/ECPointFormatsExtension$ECPointFormat done
Event: 8,080 loading class sun/security/ssl/CertStatusExtension$CertStatusRequestV2Spec
Event: 8,080 loading class sun/security/ssl/CertStatusExtension$CertStatusRequestV2Spec done
Event: 8,080 loading class sun/security/ssl/ExtendedMasterSecretExtension$ExtendedMasterSecretSpec
Event: 8,080 loading class sun/security/ssl/ExtendedMasterSecretExtension$ExtendedMasterSecretSpec done
Event: 8,080 loading class sun/security/ssl/SessionTicketExtension$SessionTicketSpec
Event: 8,080 loading class sun/security/ssl/SessionTicketExtension$SessionTicketSpec done


Dynamic libraries:
c0000000-c4300000 rw-p 00000000 00:00 0 
c4300000-eab00000 ---p 00000000 00:00 0 
eab00000-ec480000 rw-p 00000000 00:00 0 
ec480000-100000000 ---p 00000000 00:00 0 
100000000-100020000 rw-p 00000000 00:00 0 
100020000-100040000 rw-p 00000000 00:00 0 
100040000-1000c0000 rw-p 00000000 00:00 0 
1000c0000-1000e0000 rw-p 00000000 00:00 0 
1000e0000-100140000 rw-p 00000000 00:00 0 
100140000-100180000 rw-p 00000000 00:00 0 
100180000-1002c0000 rw-p 00000000 00:00 0 
1002c0000-100300000 rw-p 00000000 00:00 0 
100300000-100440000 rw-p 00000000 00:00 0 
100440000-100480000 rw-p 00000000 00:00 0 
100480000-100530000 rw-p 00000000 00:00 0 
100530000-100540000 ---p 00000000 00:00 0 
100540000-100570000 rw-p 00000000 00:00 0 
100570000-140000000 ---p 00000000 00:00 0 
5621ba46c000-5621ba46d000 r--p 00000000 08:16 1578746                    /home/andres/.vscode/extensions/redhat.java-1.10.0-linux-x64/jre/17.0.4-linux-x86_64/bin/java
5621ba46d000-5621ba46e000 r-xp 00001000 08:16 1578746                    /home/andres/.vscode/extensions/redhat.java-1.10.0-linux-x64/jre/17.0.4-linux-x86_64/bin/java
5621ba46e000-5621ba46f000 r--p 00002000 08:16 1578746                    /home/andres/.vscode/extensions/redhat.java-1.10.0-linux-x64/jre/17.0.4-linux-x86_64/bin/java
5621ba46f000-5621ba470000 r--p 00002000 08:16 1578746                    /home/andres/.vscode/extensions/redhat.java-1.10.0-linux-x64/jre/17.0.4-linux-x86_64/bin/java
5621ba470000-5621ba471000 rw-p 00003000 08:16 1578746                    /home/andres/.vscode/extensions/redhat.java-1.10.0-linux-x64/jre/17.0.4-linux-x86_64/bin/java
5621bc44e000-5621bc46f000 rw-p 00000000 00:00 0                          [heap]
7fc150000000-7fc150067000 rw-p 00000000 00:00 0 
7fc150067000-7fc154000000 ---p 00000000 00:00 0 
7fc158000000-7fc158021000 rw-p 00000000 00:00 0 
7fc158021000-7fc15c000000 ---p 00000000 00:00 0 
7fc15c000000-7fc15c0b9000 rw-p 00000000 00:00 0 
7fc15c0b9000-7fc160000000 ---p 00000000 00:00 0 
7fc160000000-7fc160ed9000 rw-p 00000000 00:00 0 
7fc160ed9000-7fc164000000 ---p 00000000 00:00 0 
7fc164000000-7fc164021000 rw-p 00000000 00:00 0 
7fc164021000-7fc168000000 ---p 00000000 00:00 0 
7fc168000000-7fc168021000 rw-p 00000000 00:00 0 
7fc168021000-7fc16c000000 ---p 00000000 00:00 0 
7fc16c000000-7fc16c021000 rw-p 00000000 00:00 0 
7fc16c021000-7fc170000000 ---p 00000000 00:00 0 
7fc170000000-7fc170021000 rw-p 00000000 00:00 0 
7fc170021000-7fc174000000 ---p 00000000 00:00 0 
7fc174000000-7fc174021000 rw-p 00000000 00:00 0 
7fc174021000-7fc178000000 ---p 00000000 00:00 0 
7fc178000000-7fc178021000 rw-p 00000000 00:00 0 
7fc178021000-7fc17c000000 ---p 00000000 00:00 0 
7fc17c000000-7fc17c9c9000 rw-p 00000000 00:00 0 
7fc17c9c9000-7fc180000000 ---p 00000000 00:00 0 
7fc180000000-7fc180397000 rw-p 00000000 00:00 0 
7fc180397000-7fc184000000 ---p 00000000 00:00 0 
7fc184000000-7fc184021000 rw-p 00000000 00:00 0 
7fc184021000-7fc188000000 ---p 00000000 00:00 0 
7fc188000000-7fc188021000 rw-p 00000000 00:00 0 
7fc188021000-7fc18c000000 ---p 00000000 00:00 0 
7fc18c000000-7fc18c021000 rw-p 00000000 00:00 0 
7fc18c021000-7fc190000000 ---p 00000000 00:00 0 
7fc190000000-7fc190021000 rw-p 00000000 00:00 0 
7fc190021000-7fc194000000 ---p 00000000 00:00 0 
7fc19456b000-7fc194870000 rw-p 00000000 00:00 0 
7fc194870000-7fc194900000 ---p 00000000 00:00 0 
7fc194900000-7fc194960000 rw-p 00000000 00:00 0 
7fc194960000-7fc195000000 ---p 00000000 00:00 0 
7fc195200000-7fc195204000 ---p 00000000 00:00 0 
7fc195204000-7fc195300000 rw-p 00000000 00:00 0 
7fc195300000-7fc195304000 ---p 00000000 00:00 0 
7fc195304000-7fc195800000 rw-p 00000000 00:00 0 
7fc195800000-7fc1959c0000 rw-p 00000000 00:00 0 
7fc1959c0000-7fc195b00000 rw-p 00000000 00:00 0 
7fc195b00000-7fc195c00000 rw-p 00000000 00:00 0 
7fc195c00000-7fc195f80000 rw-p 00000000 00:00 0 
7fc195f80000-7fc196000000 rw-p 00000000 00:00 0 
7fc196000000-7fc196100000 rw-p 00000000 00:00 0 
7fc196100000-7fc196200000 rw-p 00000000 00:00 0 
7fc196200000-7fc196400000 rw-p 00000000 00:00 0 
7fc196400000-7fc196404000 ---p 00000000 00:00 0 
7fc196404000-7fc196500000 rw-p 00000000 00:00 0 
7fc196500000-7fc196504000 ---p 00000000 00:00 0 
7fc196504000-7fc196600000 rw-p 00000000 00:00 0 
7fc196600000-7fc196604000 ---p 00000000 00:00 0 
7fc196604000-7fc196700000 rw-p 00000000 00:00 0 
7fc196700000-7fc196704000 ---p 00000000 00:00 0 
7fc196704000-7fc196900000 rw-p 00000000 00:00 0 
7fc196900000-7fc196a00000 rw-p 00000000 00:00 0 
7fc196a00000-7fc196d00000 rw-p 00000000 00:00 0 
7fc196d00000-7fc196e00000 rw-p 00000000 00:00 0 
7fc196e00000-7fc197000000 rw-p 00000000 00:00 0 
7fc197000000-7fc197004000 ---p 00000000 00:00 0 
7fc197004000-7fc197100000 rw-p 00000000 00:00 0 
7fc197100000-7fc197104000 ---p 00000000 00:00 0 
7fc197104000-7fc197200000 rw-p 00000000 00:00 0 
7fc197200000-7fc197204000 ---p 00000000 00:00 0 
7fc197204000-7fc197300000 rw-p 00000000 00:00 0 
7fc197300000-7fc197304000 ---p 00000000 00:00 0 
7fc197304000-7fc197400000 rw-p 00000000 00:00 0 
7fc197400000-7fc197410000 r-xp 00000000 08:16 1837295                    /home/andres/.config/Code/User/globalStorage/redhat.java/1.10.0/config_linux/org.eclipse.equinox.launcher/org.eclipse.equinox.launcher.gtk.linux.x86_64_1.2.500.v20220509-0833/eclipse_11701.so
7fc197410000-7fc19760f000 ---p 00010000 08:16 1837295                    /home/andres/.config/Code/User/globalStorage/redhat.java/1.10.0/config_linux/org.eclipse.equinox.launcher/org.eclipse.equinox.launcher.gtk.linux.x86_64_1.2.500.v20220509-0833/eclipse_11701.so
7fc19760f000-7fc197610000 r--p 0000f000 08:16 1837295                    /home/andres/.config/Code/User/globalStorage/redhat.java/1.10.0/config_linux/org.eclipse.equinox.launcher/org.eclipse.equinox.launcher.gtk.linux.x86_64_1.2.500.v20220509-0833/eclipse_11701.so
7fc197610000-7fc197611000 rw-p 00010000 08:16 1837295                    /home/andres/.config/Code/User/globalStorage/redhat.java/1.10.0/config_linux/org.eclipse.equinox.launcher/org.eclipse.equinox.launcher.gtk.linux.x86_64_1.2.500.v20220509-0833/eclipse_11701.so
7fc197611000-7fc197612000 rw-p 00000000 00:00 0 
7fc197700000-7fc197704000 ---p 00000000 00:00 0 
7fc197704000-7fc197900000 rw-p 00000000 00:00 0 
7fc197900000-7fc197a00000 rw-p 00000000 00:00 0 
7fc197a00000-7fc197b00000 rw-p 00000000 00:00 0 
7fc197b00000-7fc197c00000 rw-p 00000000 00:00 0 
7fc197c00000-7fc197d80000 rw-p 00000000 00:00 0 
7fc197d80000-7fc197e00000 rw-p 00000000 00:00 0 
7fc197e00000-7fc197fc0000 rw-p 00000000 00:00 0 
7fc197fc0000-7fc198000000 rw-p 00000000 00:00 0 
7fc198000000-7fc198021000 rw-p 00000000 00:00 0 
7fc198021000-7fc19c000000 ---p 00000000 00:00 0 
7fc19c000000-7fc19c362000 rw-p 00000000 00:00 0 
7fc19c362000-7fc1a0000000 ---p 00000000 00:00 0 
7fc1a0000000-7fc1a0021000 rw-p 00000000 00:00 0 
7fc1a0021000-7fc1a4000000 ---p 00000000 00:00 0 
7fc1a4000000-7fc1a4021000 rw-p 00000000 00:00 0 
7fc1a4021000-7fc1a8000000 ---p 00000000 00:00 0 
7fc1a8000000-7fc1a8935000 rw-p 00000000 00:00 0 
7fc1a8935000-7fc1ac000000 ---p 00000000 00:00 0 
7fc1ac000000-7fc1ac021000 rw-p 00000000 00:00 0 
7fc1ac021000-7fc1b0000000 ---p 00000000 00:00 0 
7fc1b0000000-7fc1b0021000 rw-p 00000000 00:00 0 
7fc1b0021000-7fc1b4000000 ---p 00000000 00:00 0 
7fc1b4000000-7fc1b526c000 rw-p 00000000 00:00 0 
7fc1b526c000-7fc1b8000000 ---p 00000000 00:00 0 
7fc1b8000000-7fc1b8021000 rw-p 00000000 00:00 0 
7fc1b8021000-7fc1bc000000 ---p 00000000 00:00 0 
7fc1bc000000-7fc1bc021000 rw-p 00000000 00:00 0 
7fc1bc021000-7fc1c0000000 ---p 00000000 00:00 0 
7fc1c0000000-7fc1c0021000 rw-p 00000000 00:00 0 
7fc1c0021000-7fc1c4000000 ---p 00000000 00:00 0 
7fc1c4000000-7fc1c4021000 rw-p 00000000 00:00 0 
7fc1c4021000-7fc1c8000000 ---p 00000000 00:00 0 
7fc1c8000000-7fc1c805e000 rw-p 00000000 00:00 0 
7fc1c805e000-7fc1cc000000 ---p 00000000 00:00 0 
7fc1cc00f000-7fc1cc013000 ---p 00000000 00:00 0 
7fc1cc013000-7fc1cc10f000 rw-p 00000000 00:00 0 
7fc1cc10f000-7fc1cc113000 ---p 00000000 00:00 0 
7fc1cc113000-7fc1cc20f000 rw-p 00000000 00:00 0 
7fc1cc20f000-7fc1cc210000 ---p 00000000 00:00 0 
7fc1cc210000-7fc1cc311000 rw-p 00000000 00:00 0 
7fc1cc311000-7fc1cc312000 ---p 00000000 00:00 0 
7fc1cc312000-7fc1cc413000 rw-p 00000000 00:00 0 
7fc1cc413000-7fc1cc414000 ---p 00000000 00:00 0 
7fc1cc414000-7fc1cc515000 rw-p 00000000 00:00 0 
7fc1cc515000-7fc1cc519000 ---p 00000000 00:00 0 
7fc1cc519000-7fc1cc615000 rw-p 00000000 00:00 0 
7fc1cc615000-7fc1cc616000 ---p 00000000 00:00 0 
7fc1cc616000-7fc1cc717000 rw-p 00000000 00:00 0 
7fc1cc717000-7fc1cc71b000 ---p 00000000 00:00 0 
7fc1cc71b000-7fc1cc817000 rw-p 00000000 00:00 0 
7fc1cc817000-7fc1cc81b000 ---p 00000000 00:00 0 
7fc1cc81b000-7fc1cc917000 rw-p 00000000 00:00 0 
7fc1cc917000-7fc1cc91b000 ---p 00000000 00:00 0 
7fc1cc91b000-7fc1cca17000 rw-p 00000000 00:00 0 
7fc1cca17000-7fc1cca1b000 ---p 00000000 00:00 0 
7fc1cca1b000-7fc1ccb17000 rw-p 00000000 00:00 0 
7fc1ccb17000-7fc1ccb1b000 ---p 00000000 00:00 0 
7fc1ccb1b000-7fc1ccc17000 rw-p 00000000 00:00 0 
7fc1ccc17000-7fc1ccc1b000 ---p 00000000 00:00 0 
7fc1ccc1b000-7fc1ccd17000 rw-p 00000000 00:00 0 
7fc1ccd17000-7fc1ccd1b000 ---p 00000000 00:00 0 
7fc1ccd1b000-7fc1cce17000 rw-p 00000000 00:00 0 
7fc1cce17000-7fc1cce1b000 ---p 00000000 00:00 0 
7fc1cce1b000-7fc1ccf17000 rw-p 00000000 00:00 0 
7fc1ccf17000-7fc1cdcfe000 r--p 00000000 08:16 3413325                    /usr/lib/locale/locale-archive
7fc1cdcfe000-7fc1cdd02000 ---p 00000000 00:00 0 
7fc1cdd02000-7fc1cddfe000 rw-p 00000000 00:00 0 
7fc1cddfe000-7fc1cde02000 ---p 00000000 00:00 0 
7fc1cde02000-7fc1cdefe000 rw-p 00000000 00:00 0 
7fc1cdefe000-7fc1cdeff000 ---p 00000000 00:00 0 
7fc1cdeff000-7fc1d0000000 rw-p 00000000 00:00 0 
7fc1d0000000-7fc1d0021000 rw-p 00000000 00:00 0 
7fc1d0021000-7fc1d4000000 ---p 00000000 00:00 0 
7fc1d40fd000-7fc1d4800000 rw-p 00000000 00:00 0 
7fc1d4800000-7fc1d4880000 rw-p 00000000 00:00 0 
7fc1d4880000-7fc1d4900000 rw-p 00000000 00:00 0 
7fc1d4900000-7fc1d4c00000 rw-p 00000000 00:00 0 
7fc1d4cfd000-7fc1d5000000 rw-p 00000000 00:00 0 
7fc1d5000000-7fc1d5270000 rwxp 00000000 00:00 0 
7fc1d5270000-7fc1d5591000 ---p 00000000 00:00 0 
7fc1d5591000-7fc1d5d71000 rwxp 00000000 00:00 0 
7fc1d5d71000-7fc1dcac8000 ---p 00000000 00:00 0 
7fc1dcac8000-7fc1dcd38000 rwxp 00000000 00:00 0 
7fc1dcd38000-7fc1e4000000 ---p 00000000 00:00 0 
7fc1e4000000-7fc1e4701000 rw-p 00000000 00:00 0 
7fc1e4701000-7fc1e8000000 ---p 00000000 00:00 0 
7fc1e802e000-7fc1e802f000 r--p 00000000 08:16 3414916                    /usr/lib/x86_64-linux-gnu/libnss_mdns4_minimal.so.2
7fc1e802f000-7fc1e8031000 r-xp 00001000 08:16 3414916                    /usr/lib/x86_64-linux-gnu/libnss_mdns4_minimal.so.2
7fc1e8031000-7fc1e8032000 r--p 00003000 08:16 3414916                    /usr/lib/x86_64-linux-gnu/libnss_mdns4_minimal.so.2
7fc1e8032000-7fc1e8033000 r--p 00003000 08:16 3414916                    /usr/lib/x86_64-linux-gnu/libnss_mdns4_minimal.so.2
7fc1e8033000-7fc1e8034000 rw-p 00004000 08:16 3414916                    /usr/lib/x86_64-linux-gnu/libnss_mdns4_minimal.so.2
7fc1e803e000-7fc1e803f000 r--p 00000000 08:16 1579123                    /home/andres/.vscode/extensions/redhat.java-1.10.0-linux-x64/jre/17.0.4-linux-x86_64/lib/libextnet.so
7fc1e803f000-7fc1e8040000 r-xp 00001000 08:16 1579123                    /home/andres/.vscode/extensions/redhat.java-1.10.0-linux-x64/jre/17.0.4-linux-x86_64/lib/libextnet.so
7fc1e8040000-7fc1e8041000 r--p 00002000 08:16 1579123                    /home/andres/.vscode/extensions/redhat.java-1.10.0-linux-x64/jre/17.0.4-linux-x86_64/lib/libextnet.so
7fc1e8041000-7fc1e8042000 r--p 00002000 08:16 1579123                    /home/andres/.vscode/extensions/redhat.java-1.10.0-linux-x64/jre/17.0.4-linux-x86_64/lib/libextnet.so
7fc1e8042000-7fc1e8043000 rw-p 00003000 08:16 1579123                    /home/andres/.vscode/extensions/redhat.java-1.10.0-linux-x64/jre/17.0.4-linux-x86_64/lib/libextnet.so
7fc1e8043000-7fc1e8045000 r--p 00000000 08:16 1579140                    /home/andres/.vscode/extensions/redhat.java-1.10.0-linux-x64/jre/17.0.4-linux-x86_64/lib/libmanagement_ext.so
7fc1e8045000-7fc1e8048000 r-xp 00002000 08:16 1579140                    /home/andres/.vscode/extensions/redhat.java-1.10.0-linux-x64/jre/17.0.4-linux-x86_64/lib/libmanagement_ext.so
7fc1e8048000-7fc1e8049000 r--p 00005000 08:16 1579140                    /home/andres/.vscode/extensions/redhat.java-1.10.0-linux-x64/jre/17.0.4-linux-x86_64/lib/libmanagement_ext.so
7fc1e8049000-7fc1e804a000 ---p 00006000 08:16 1579140                    /home/andres/.vscode/extensions/redhat.java-1.10.0-linux-x64/jre/17.0.4-linux-x86_64/lib/libmanagement_ext.so
7fc1e804a000-7fc1e804b000 r--p 00006000 08:16 1579140                    /home/andres/.vscode/extensions/redhat.java-1.10.0-linux-x64/jre/17.0.4-linux-x86_64/lib/libmanagement_ext.so
7fc1e804b000-7fc1e804c000 rw-p 00007000 08:16 1579140                    /home/andres/.vscode/extensions/redhat.java-1.10.0-linux-x64/jre/17.0.4-linux-x86_64/lib/libmanagement_ext.so
7fc1e804c000-7fc1e804f000 r--p 00000000 08:16 1579141                    /home/andres/.vscode/extensions/redhat.java-1.10.0-linux-x64/jre/17.0.4-linux-x86_64/lib/libmanagement.so
7fc1e804f000-7fc1e8050000 r-xp 00003000 08:16 1579141                    /home/andres/.vscode/extensions/redhat.java-1.10.0-linux-x64/jre/17.0.4-linux-x86_64/lib/libmanagement.so
7fc1e8050000-7fc1e8051000 r--p 00004000 08:16 1579141                    /home/andres/.vscode/extensions/redhat.java-1.10.0-linux-x64/jre/17.0.4-linux-x86_64/lib/libmanagement.so
7fc1e8051000-7fc1e8052000 r--p 00004000 08:16 1579141                    /home/andres/.vscode/extensions/redhat.java-1.10.0-linux-x64/jre/17.0.4-linux-x86_64/lib/libmanagement.so
7fc1e8052000-7fc1e8053000 rw-p 00005000 08:16 1579141                    /home/andres/.vscode/extensions/redhat.java-1.10.0-linux-x64/jre/17.0.4-linux-x86_64/lib/libmanagement.so
7fc1e8053000-7fc1e8057000 ---p 00000000 00:00 0 
7fc1e8057000-7fc1e8075000 rw-p 00000000 00:00 0 
7fc1e8075000-7fc1e807c000 r--s 00000000 08:16 4065353                    /usr/lib/x86_64-linux-gnu/gconv/gconv-modules.cache
7fc1e807c000-7fc1e809e000 r--p 00000000 08:16 4727686                    /usr/share/locale-langpack/es/LC_MESSAGES/libc.mo
7fc1e809e000-7fc1e80a2000 r--p 00000000 08:16 1579150                    /home/andres/.vscode/extensions/redhat.java-1.10.0-linux-x64/jre/17.0.4-linux-x86_64/lib/libverify.so
7fc1e80a2000-7fc1e80a9000 r-xp 00004000 08:16 1579150                    /home/andres/.vscode/extensions/redhat.java-1.10.0-linux-x64/jre/17.0.4-linux-x86_64/lib/libverify.so
7fc1e80a9000-7fc1e80ab000 r--p 0000b000 08:16 1579150                    /home/andres/.vscode/extensions/redhat.java-1.10.0-linux-x64/jre/17.0.4-linux-x86_64/lib/libverify.so
7fc1e80ab000-7fc1e80ad000 r--p 0000c000 08:16 1579150                    /home/andres/.vscode/extensions/redhat.java-1.10.0-linux-x64/jre/17.0.4-linux-x86_64/lib/libverify.so
7fc1e80ad000-7fc1e80ae000 rw-p 0000e000 08:16 1579150                    /home/andres/.vscode/extensions/redhat.java-1.10.0-linux-x64/jre/17.0.4-linux-x86_64/lib/libverify.so
7fc1e80ae000-7fc1e80b2000 r--p 00000000 08:16 1579143                    /home/andres/.vscode/extensions/redhat.java-1.10.0-linux-x64/jre/17.0.4-linux-x86_64/lib/libnet.so
7fc1e80b2000-7fc1e80c0000 r-xp 00004000 08:16 1579143                    /home/andres/.vscode/extensions/redhat.java-1.10.0-linux-x64/jre/17.0.4-linux-x86_64/lib/libnet.so
7fc1e80c0000-7fc1e80c4000 r--p 00012000 08:16 1579143                    /home/andres/.vscode/extensions/redhat.java-1.10.0-linux-x64/jre/17.0.4-linux-x86_64/lib/libnet.so
7fc1e80c4000-7fc1e80c5000 r--p 00015000 08:16 1579143                    /home/andres/.vscode/extensions/redhat.java-1.10.0-linux-x64/jre/17.0.4-linux-x86_64/lib/libnet.so
7fc1e80c5000-7fc1e80c6000 rw-p 00016000 08:16 1579143                    /home/andres/.vscode/extensions/redhat.java-1.10.0-linux-x64/jre/17.0.4-linux-x86_64/lib/libnet.so
7fc1e80c6000-7fc1e80cd000 r--p 00000000 08:16 1579144                    /home/andres/.vscode/extensions/redhat.java-1.10.0-linux-x64/jre/17.0.4-linux-x86_64/lib/libnio.so
7fc1e80cd000-7fc1e80d6000 r-xp 00007000 08:16 1579144                    /home/andres/.vscode/extensions/redhat.java-1.10.0-linux-x64/jre/17.0.4-linux-x86_64/lib/libnio.so
7fc1e80d6000-7fc1e80da000 r--p 00010000 08:16 1579144                    /home/andres/.vscode/extensions/redhat.java-1.10.0-linux-x64/jre/17.0.4-linux-x86_64/lib/libnio.so
7fc1e80da000-7fc1e80db000 ---p 00014000 08:16 1579144                    /home/andres/.vscode/extensions/redhat.java-1.10.0-linux-x64/jre/17.0.4-linux-x86_64/lib/libnio.so
7fc1e80db000-7fc1e80dc000 r--p 00014000 08:16 1579144                    /home/andres/.vscode/extensions/redhat.java-1.10.0-linux-x64/jre/17.0.4-linux-x86_64/lib/libnio.so
7fc1e80dc000-7fc1e80dd000 rw-p 00015000 08:16 1579144                    /home/andres/.vscode/extensions/redhat.java-1.10.0-linux-x64/jre/17.0.4-linux-x86_64/lib/libnio.so
7fc1e80dd000-7fc1e89e6000 rw-p 00000000 00:00 0 
7fc1e89e6000-7fc1e89e8000 r--p 00000000 08:16 1579151                    /home/andres/.vscode/extensions/redhat.java-1.10.0-linux-x64/jre/17.0.4-linux-x86_64/lib/libzip.so
7fc1e89e8000-7fc1e89ec000 r-xp 00002000 08:16 1579151                    /home/andres/.vscode/extensions/redhat.java-1.10.0-linux-x64/jre/17.0.4-linux-x86_64/lib/libzip.so
7fc1e89ec000-7fc1e89ee000 r--p 00006000 08:16 1579151                    /home/andres/.vscode/extensions/redhat.java-1.10.0-linux-x64/jre/17.0.4-linux-x86_64/lib/libzip.so
7fc1e89ee000-7fc1e89ef000 r--p 00007000 08:16 1579151                    /home/andres/.vscode/extensions/redhat.java-1.10.0-linux-x64/jre/17.0.4-linux-x86_64/lib/libzip.so
7fc1e89ef000-7fc1e89f0000 rw-p 00008000 08:16 1579151                    /home/andres/.vscode/extensions/redhat.java-1.10.0-linux-x64/jre/17.0.4-linux-x86_64/lib/libzip.so
7fc1e89f0000-7fc1e8d43000 rw-p 00000000 00:00 0 
7fc1e8d43000-7fc1e8e77000 ---p 00000000 00:00 0 
7fc1e8e77000-7fc1e8e78000 ---p 00000000 00:00 0 
7fc1e8e78000-7fc1e8f9b000 rw-p 00000000 00:00 0 
7fc1e8f9b000-7fc1e90ce000 ---p 00000000 00:00 0 
7fc1e90ce000-7fc1e90dc000 rw-p 00000000 00:00 0 
7fc1e90dc000-7fc1e9179000 ---p 00000000 00:00 0 
7fc1e9179000-7fc1e917f000 rw-p 00000000 00:00 0 
7fc1e917f000-7fc1e9265000 ---p 00000000 00:00 0 
7fc1e9265000-7fc1e9275000 rw-p 00000000 00:00 0 
7fc1e9275000-7fc1e9350000 ---p 00000000 00:00 0 
7fc1e9350000-7fc1e9355000 rw-p 00000000 00:00 0 
7fc1e9355000-7fc1e935c000 ---p 00000000 00:00 0 
7fc1e935c000-7fc1e9364000 rw-s 00000000 08:16 524609                     /tmp/hsperfdata_andres/4246
7fc1e9364000-7fc1e9371000 r--p 00000000 08:16 1579130                    /home/andres/.vscode/extensions/redhat.java-1.10.0-linux-x64/jre/17.0.4-linux-x86_64/lib/libjava.so
7fc1e9371000-7fc1e9383000 r-xp 0000d000 08:16 1579130                    /home/andres/.vscode/extensions/redhat.java-1.10.0-linux-x64/jre/17.0.4-linux-x86_64/lib/libjava.so
7fc1e9383000-7fc1e9389000 r--p 0001f000 08:16 1579130                    /home/andres/.vscode/extensions/redhat.java-1.10.0-linux-x64/jre/17.0.4-linux-x86_64/lib/libjava.so
7fc1e9389000-7fc1e938a000 ---p 00025000 08:16 1579130                    /home/andres/.vscode/extensions/redhat.java-1.10.0-linux-x64/jre/17.0.4-linux-x86_64/lib/libjava.so
7fc1e938a000-7fc1e938b000 r--p 00025000 08:16 1579130                    /home/andres/.vscode/extensions/redhat.java-1.10.0-linux-x64/jre/17.0.4-linux-x86_64/lib/libjava.so
7fc1e938b000-7fc1e938c000 rw-p 00026000 08:16 1579130                    /home/andres/.vscode/extensions/redhat.java-1.10.0-linux-x64/jre/17.0.4-linux-x86_64/lib/libjava.so
7fc1e938c000-7fc1e938d000 rw-p 00000000 00:00 0 
7fc1e938d000-7fc1ebf9d000 r--s 00000000 08:16 1579152                    /home/andres/.vscode/extensions/redhat.java-1.10.0-linux-x64/jre/17.0.4-linux-x86_64/lib/modules
7fc1ebf9d000-7fc1ebfa1000 r--p 00000000 08:16 1579134                    /home/andres/.vscode/extensions/redhat.java-1.10.0-linux-x64/jre/17.0.4-linux-x86_64/lib/libjimage.so
7fc1ebfa1000-7fc1ebfb4000 r-xp 00004000 08:16 1579134                    /home/andres/.vscode/extensions/redhat.java-1.10.0-linux-x64/jre/17.0.4-linux-x86_64/lib/libjimage.so
7fc1ebfb4000-7fc1ebfba000 r--p 00017000 08:16 1579134                    /home/andres/.vscode/extensions/redhat.java-1.10.0-linux-x64/jre/17.0.4-linux-x86_64/lib/libjimage.so
7fc1ebfba000-7fc1ebfbc000 r--p 0001c000 08:16 1579134                    /home/andres/.vscode/extensions/redhat.java-1.10.0-linux-x64/jre/17.0.4-linux-x86_64/lib/libjimage.so
7fc1ebfbc000-7fc1ebfbd000 rw-p 0001e000 08:16 1579134                    /home/andres/.vscode/extensions/redhat.java-1.10.0-linux-x64/jre/17.0.4-linux-x86_64/lib/libjimage.so
7fc1ebfbd000-7fc1ebfc1000 ---p 00000000 00:00 0 
7fc1ebfc1000-7fc1ec0bd000 rw-p 00000000 00:00 0 
7fc1ec0bd000-7fc1ec0cb000 r--p 00000000 08:16 3414787                    /usr/lib/x86_64-linux-gnu/libm.so.6
7fc1ec0cb000-7fc1ec147000 r-xp 0000e000 08:16 3414787                    /usr/lib/x86_64-linux-gnu/libm.so.6
7fc1ec147000-7fc1ec1a2000 r--p 0008a000 08:16 3414787                    /usr/lib/x86_64-linux-gnu/libm.so.6
7fc1ec1a2000-7fc1ec1a3000 r--p 000e4000 08:16 3414787                    /usr/lib/x86_64-linux-gnu/libm.so.6
7fc1ec1a3000-7fc1ec1a4000 rw-p 000e5000 08:16 3414787                    /usr/lib/x86_64-linux-gnu/libm.so.6
7fc1ec1a4000-7fc1ec1a5000 r--p 00000000 08:16 3415112                    /usr/lib/x86_64-linux-gnu/librt.so.1
7fc1ec1a5000-7fc1ec1a6000 r-xp 00001000 08:16 3415112                    /usr/lib/x86_64-linux-gnu/librt.so.1
7fc1ec1a6000-7fc1ec1a7000 r--p 00002000 08:16 3415112                    /usr/lib/x86_64-linux-gnu/librt.so.1
7fc1ec1a7000-7fc1ec1a8000 r--p 00002000 08:16 3415112                    /usr/lib/x86_64-linux-gnu/librt.so.1
7fc1ec1a8000-7fc1ec1a9000 rw-p 00003000 08:16 3415112                    /usr/lib/x86_64-linux-gnu/librt.so.1
7fc1ec1a9000-7fc1ec3fa000 r--p 00000000 08:16 1579162                    /home/andres/.vscode/extensions/redhat.java-1.10.0-linux-x64/jre/17.0.4-linux-x86_64/lib/server/libjvm.so
7fc1ec3fa000-7fc1ed113000 r-xp 00251000 08:16 1579162                    /home/andres/.vscode/extensions/redhat.java-1.10.0-linux-x64/jre/17.0.4-linux-x86_64/lib/server/libjvm.so
7fc1ed113000-7fc1ed39e000 r--p 00f6a000 08:16 1579162                    /home/andres/.vscode/extensions/redhat.java-1.10.0-linux-x64/jre/17.0.4-linux-x86_64/lib/server/libjvm.so
7fc1ed39e000-7fc1ed457000 r--p 011f4000 08:16 1579162                    /home/andres/.vscode/extensions/redhat.java-1.10.0-linux-x64/jre/17.0.4-linux-x86_64/lib/server/libjvm.so
7fc1ed457000-7fc1ed48c000 rw-p 012ad000 08:16 1579162                    /home/andres/.vscode/extensions/redhat.java-1.10.0-linux-x64/jre/17.0.4-linux-x86_64/lib/server/libjvm.so
7fc1ed48c000-7fc1ed4e9000 rw-p 00000000 00:00 0 
7fc1ed4e9000-7fc1ed511000 r--p 00000000 08:16 3414136                    /usr/lib/x86_64-linux-gnu/libc.so.6
7fc1ed511000-7fc1ed6a6000 r-xp 00028000 08:16 3414136                    /usr/lib/x86_64-linux-gnu/libc.so.6
7fc1ed6a6000-7fc1ed6fe000 r--p 001bd000 08:16 3414136                    /usr/lib/x86_64-linux-gnu/libc.so.6
7fc1ed6fe000-7fc1ed702000 r--p 00214000 08:16 3414136                    /usr/lib/x86_64-linux-gnu/libc.so.6
7fc1ed702000-7fc1ed704000 rw-p 00218000 08:16 3414136                    /usr/lib/x86_64-linux-gnu/libc.so.6
7fc1ed704000-7fc1ed711000 rw-p 00000000 00:00 0 
7fc1ed711000-7fc1ed712000 r--p 00000000 08:16 3414278                    /usr/lib/x86_64-linux-gnu/libdl.so.2
7fc1ed712000-7fc1ed713000 r-xp 00001000 08:16 3414278                    /usr/lib/x86_64-linux-gnu/libdl.so.2
7fc1ed713000-7fc1ed714000 r--p 00002000 08:16 3414278                    /usr/lib/x86_64-linux-gnu/libdl.so.2
7fc1ed714000-7fc1ed715000 r--p 00002000 08:16 3414278                    /usr/lib/x86_64-linux-gnu/libdl.so.2
7fc1ed715000-7fc1ed716000 rw-p 00003000 08:16 3414278                    /usr/lib/x86_64-linux-gnu/libdl.so.2
7fc1ed716000-7fc1ed717000 r--p 00000000 08:16 3415056                    /usr/lib/x86_64-linux-gnu/libpthread.so.0
7fc1ed717000-7fc1ed718000 r-xp 00001000 08:16 3415056                    /usr/lib/x86_64-linux-gnu/libpthread.so.0
7fc1ed718000-7fc1ed719000 r--p 00002000 08:16 3415056                    /usr/lib/x86_64-linux-gnu/libpthread.so.0
7fc1ed719000-7fc1ed71a000 r--p 00002000 08:16 3415056                    /usr/lib/x86_64-linux-gnu/libpthread.so.0
7fc1ed71a000-7fc1ed71b000 rw-p 00003000 08:16 3415056                    /usr/lib/x86_64-linux-gnu/libpthread.so.0
7fc1ed71b000-7fc1ed71e000 r--p 00000000 08:16 1579135                    /home/andres/.vscode/extensions/redhat.java-1.10.0-linux-x64/jre/17.0.4-linux-x86_64/lib/libjli.so
7fc1ed71e000-7fc1ed728000 r-xp 00003000 08:16 1579135                    /home/andres/.vscode/extensions/redhat.java-1.10.0-linux-x64/jre/17.0.4-linux-x86_64/lib/libjli.so
7fc1ed728000-7fc1ed72b000 r--p 0000d000 08:16 1579135                    /home/andres/.vscode/extensions/redhat.java-1.10.0-linux-x64/jre/17.0.4-linux-x86_64/lib/libjli.so
7fc1ed72b000-7fc1ed72c000 ---p 00010000 08:16 1579135                    /home/andres/.vscode/extensions/redhat.java-1.10.0-linux-x64/jre/17.0.4-linux-x86_64/lib/libjli.so
7fc1ed72c000-7fc1ed72d000 r--p 00010000 08:16 1579135                    /home/andres/.vscode/extensions/redhat.java-1.10.0-linux-x64/jre/17.0.4-linux-x86_64/lib/libjli.so
7fc1ed72d000-7fc1ed72e000 rw-p 00011000 08:16 1579135                    /home/andres/.vscode/extensions/redhat.java-1.10.0-linux-x64/jre/17.0.4-linux-x86_64/lib/libjli.so
7fc1ed72e000-7fc1ed730000 r--p 00000000 08:16 3415489                    /usr/lib/x86_64-linux-gnu/libz.so.1.2.11
7fc1ed730000-7fc1ed741000 r-xp 00002000 08:16 3415489                    /usr/lib/x86_64-linux-gnu/libz.so.1.2.11
7fc1ed741000-7fc1ed747000 r--p 00013000 08:16 3415489                    /usr/lib/x86_64-linux-gnu/libz.so.1.2.11
7fc1ed747000-7fc1ed748000 ---p 00019000 08:16 3415489                    /usr/lib/x86_64-linux-gnu/libz.so.1.2.11
7fc1ed748000-7fc1ed749000 r--p 00019000 08:16 3415489                    /usr/lib/x86_64-linux-gnu/libz.so.1.2.11
7fc1ed749000-7fc1ed74a000 rw-p 0001a000 08:16 3415489                    /usr/lib/x86_64-linux-gnu/libz.so.1.2.11
7fc1ed74a000-7fc1ed74c000 r--p 00000000 08:16 1579125                    /home/andres/.vscode/extensions/redhat.java-1.10.0-linux-x64/jre/17.0.4-linux-x86_64/lib/libinstrument.so
7fc1ed74c000-7fc1ed752000 r-xp 00002000 08:16 1579125                    /home/andres/.vscode/extensions/redhat.java-1.10.0-linux-x64/jre/17.0.4-linux-x86_64/lib/libinstrument.so
7fc1ed752000-7fc1ed755000 r--p 00008000 08:16 1579125                    /home/andres/.vscode/extensions/redhat.java-1.10.0-linux-x64/jre/17.0.4-linux-x86_64/lib/libinstrument.so
7fc1ed755000-7fc1ed756000 r--p 0000a000 08:16 1579125                    /home/andres/.vscode/extensions/redhat.java-1.10.0-linux-x64/jre/17.0.4-linux-x86_64/lib/libinstrument.so
7fc1ed756000-7fc1ed757000 rw-p 0000b000 08:16 1579125                    /home/andres/.vscode/extensions/redhat.java-1.10.0-linux-x64/jre/17.0.4-linux-x86_64/lib/libinstrument.so
7fc1ed757000-7fc1ed758000 ---p 00000000 00:00 0 
7fc1ed758000-7fc1ed759000 r--p 00000000 00:00 0 
7fc1ed759000-7fc1ed75b000 rw-p 00000000 00:00 0 
7fc1ed75b000-7fc1ed75d000 r--p 00000000 08:16 3413799                    /usr/lib/x86_64-linux-gnu/ld-linux-x86-64.so.2
7fc1ed75d000-7fc1ed787000 r-xp 00002000 08:16 3413799                    /usr/lib/x86_64-linux-gnu/ld-linux-x86-64.so.2
7fc1ed787000-7fc1ed792000 r--p 0002c000 08:16 3413799                    /usr/lib/x86_64-linux-gnu/ld-linux-x86-64.so.2
7fc1ed792000-7fc1ed793000 ---p 00000000 00:00 0 
7fc1ed793000-7fc1ed795000 r--p 00037000 08:16 3413799                    /usr/lib/x86_64-linux-gnu/ld-linux-x86-64.so.2
7fc1ed795000-7fc1ed797000 rw-p 00039000 08:16 3413799                    /usr/lib/x86_64-linux-gnu/ld-linux-x86-64.so.2
7ffe519ea000-7ffe51a0c000 rw-p 00000000 00:00 0                          [stack]
7ffe51a2d000-7ffe51a31000 r--p 00000000 00:00 0                          [vvar]
7ffe51a31000-7ffe51a33000 r-xp 00000000 00:00 0                          [vdso]
ffffffffff600000-ffffffffff601000 --xp 00000000 00:00 0                  [vsyscall]


VM Arguments:
jvm_args: --add-modules=ALL-SYSTEM --add-opens=java.base/java.util=ALL-UNNAMED --add-opens=java.base/java.lang=ALL-UNNAMED --add-opens=java.base/sun.nio.fs=ALL-UNNAMED -Declipse.application=org.eclipse.jdt.ls.core.id1 -Dosgi.bundles.defaultStartLevel=4 -Declipse.product=org.eclipse.jdt.ls.core.product -Djava.import.generatesMetadataFilesAtProjectRoot=false -Dfile.encoding=utf8 -XX:+UseParallelGC -XX:GCTimeRatio=4 -XX:AdaptiveSizePolicyWeight=90 -Dsun.zip.disableMemoryMapping=true -Xmx1G -Xms100m -Xlog:jni+resolve=off -javaagent:/home/andres/.vscode/extensions/redhat.java-1.10.0-linux-x64/lombok/lombok-1.18.24.jar -XX:+HeapDumpOnOutOfMemoryError -XX:HeapDumpPath=/home/andres/.config/Code/User/workspaceStorage/2e620ad61689cd8ea6a0f5f4a2a3eaa4/redhat.java 
java_command: /home/andres/.vscode/extensions/redhat.java-1.10.0-linux-x64/server/plugins/org.eclipse.equinox.launcher_1.6.400.v20210924-0641.jar -configuration /home/andres/.config/Code/User/globalStorage/redhat.java/1.10.0/config_linux -data /home/andres/.config/Code/User/workspaceStorage/2e620ad61689cd8ea6a0f5f4a2a3eaa4/redhat.java/jdt_ws
java_class_path (initial): /home/andres/.vscode/extensions/redhat.java-1.10.0-linux-x64/server/plugins/org.eclipse.equinox.launcher_1.6.400.v20210924-0641.jar
Launcher Type: SUN_STANDARD

[Global flags]
    uintx AdaptiveSizePolicyWeight                 = 90                                        {product} {command line}
     intx CICompilerCount                          = 3                                         {product} {ergonomic}
    uintx GCTimeRatio                              = 4                                         {product} {command line}
     bool HeapDumpOnOutOfMemoryError               = true                                   {manageable} {command line}
    ccstr HeapDumpPath                             = /home/andres/.config/Code/User/workspaceStorage/2e620ad61689cd8ea6a0f5f4a2a3eaa4/redhat.java         {manageable} {command line}
   size_t InitialHeapSize                          = 104857600                                 {product} {command line}
   size_t MaxHeapSize                              = 1073741824                                {product} {command line}
   size_t MaxNewSize                               = 357564416                                 {product} {ergonomic}
   size_t MinHeapDeltaBytes                        = 524288                                    {product} {ergonomic}
   size_t MinHeapSize                              = 104857600                                 {product} {command line}
   size_t NewSize                                  = 34603008                                  {product} {ergonomic}
    uintx NonNMethodCodeHeapSize                   = 5832780                                {pd product} {ergonomic}
    uintx NonProfiledCodeHeapSize                  = 122912730                              {pd product} {ergonomic}
   size_t OldSize                                  = 70254592                                  {product} {ergonomic}
    uintx ProfiledCodeHeapSize                     = 122912730                              {pd product} {ergonomic}
    uintx ReservedCodeCacheSize                    = 251658240                              {pd product} {ergonomic}
     bool SegmentedCodeCache                       = true                                      {product} {ergonomic}
   size_t SoftMaxHeapSize                          = 1073741824                             {manageable} {ergonomic}
     bool UseCompressedClassPointers               = true                           {product lp64_product} {ergonomic}
     bool UseCompressedOops                        = true                           {product lp64_product} {ergonomic}
     bool UseParallelGC                            = true                                      {product} {command line}

Logging:
Log output configuration:
 #0: stdout all=warning,jni+resolve=off uptime,level,tags
 #1: stderr all=off uptime,level,tags

Environment Variables:
JAVA_HOME=/usr/lib/jvm/java-11-openjdk-amd64/bin/java
PATH=/home/andres/.local/bin:/home/andres/.local/bin:/usr/local/sbin:/usr/local/bin:/usr/sbin:/usr/bin:/sbin:/bin:/usr/games:/usr/local/games:/snap/bin:/snap/bin
USERNAME=andres
SHELL=/bin/bash
DISPLAY=:0
LANG=es_ES.UTF-8
LC_NUMERIC=es_CO.UTF-8
LC_TIME=es_CO.UTF-8

Signal Handlers:
   SIGSEGV: crash_handler in libjvm.so, mask=11100100010111111101111111111110, flags=SA_RESTART|SA_SIGINFO
    SIGBUS: crash_handler in libjvm.so, mask=11100100010111111101111111111110, flags=SA_RESTART|SA_SIGINFO
    SIGFPE: crash_handler in libjvm.so, mask=11100100010111111101111111111110, flags=SA_RESTART|SA_SIGINFO
   SIGPIPE: javaSignalHandler in libjvm.so, mask=11100100010111111101111111111110, flags=SA_RESTART|SA_SIGINFO
   SIGXFSZ: javaSignalHandler in libjvm.so, mask=11100100010111111101111111111110, flags=SA_RESTART|SA_SIGINFO
    SIGILL: crash_handler in libjvm.so, mask=11100100010111111101111111111110, flags=SA_RESTART|SA_SIGINFO
   SIGUSR2: SR_handler in libjvm.so, mask=00000000000000000000000000000000, flags=SA_RESTART|SA_SIGINFO
    SIGHUP: UserHandler in libjvm.so, mask=11100100010111111101111111111110, flags=SA_RESTART|SA_SIGINFO
    SIGINT: UserHandler in libjvm.so, mask=11100100010111111101111111111110, flags=SA_RESTART|SA_SIGINFO
   SIGTERM: UserHandler in libjvm.so, mask=11100100010111111101111111111110, flags=SA_RESTART|SA_SIGINFO
   SIGQUIT: UserHandler in libjvm.so, mask=11100100010111111101111111111110, flags=SA_RESTART|SA_SIGINFO
  *** Handler was modified!
  *** Expected: javaSignalHandler in libjvm.so, mask=11100100110111111111111111111110, flags=SA_RESTART|SA_SIGINFO
   SIGTRAP: crash_handler in libjvm.so, mask=11100100010111111101111111111110, flags=SA_RESTART|SA_SIGINFO


---------------  S Y S T E M  ---------------

OS:
DISTRIB_ID=Ubuntu
DISTRIB_RELEASE=22.04
DISTRIB_CODENAME=jammy
DISTRIB_DESCRIPTION="Ubuntu 22.04 LTS"
uname: Linux 5.15.0-47-generic #51-Ubuntu SMP Thu Aug 11 07:51:15 UTC 2022 x86_64
OS uptime: 0 days 0:01 hours
libc: glibc 2.35 NPTL 2.35 
rlimit (soft/hard): STACK 8192k/infinity , CORE 0k/infinity , NPROC 47074/47074 , NOFILE 1048576/1048576 , AS infinity/infinity , CPU infinity/infinity , DATA infinity/infinity , FSIZE infinity/infinity , MEMLOCK 1515220k/1515220k
load average: 4,79 1,47 0,51

/proc/meminfo:
MemTotal:       12121780 kB
MemFree:         6519384 kB
MemAvailable:    8399932 kB
Buffers:           82804 kB
Cached:          2462252 kB
SwapCached:            0 kB
Active:           713420 kB
Inactive:        4176076 kB
Active(anon):       5956 kB
Inactive(anon):  2807048 kB
Active(file):     707464 kB
Inactive(file):  1369028 kB
Unevictable:      348064 kB
Mlocked:              48 kB
SwapTotal:       2097148 kB
SwapFree:        2097148 kB
Dirty:             50324 kB
Writeback:             0 kB
AnonPages:       2691988 kB
Mapped:           768144 kB
Shmem:            480368 kB
KReclaimable:      87860 kB
Slab:             200252 kB
SReclaimable:      87860 kB
SUnreclaim:       112392 kB
KernelStack:       16268 kB
PageTables:        40676 kB
NFS_Unstable:          0 kB
Bounce:                0 kB
WritebackTmp:          0 kB
CommitLimit:     8158036 kB
Committed_AS:   10912452 kB
VmallocTotal:   34359738367 kB
VmallocUsed:       43684 kB
VmallocChunk:          0 kB
Percpu:             4192 kB
HardwareCorrupted:     0 kB
AnonHugePages:         0 kB
ShmemHugePages:        0 kB
ShmemPmdMapped:        0 kB
FileHugePages:         0 kB
FilePmdMapped:         0 kB
HugePages_Total:       0
HugePages_Free:        0
HugePages_Rsvd:        0
HugePages_Surp:        0
Hugepagesize:       2048 kB
Hugetlb:               0 kB
DirectMap4k:      242292 kB
DirectMap2M:     8011776 kB
DirectMap1G:     4194304 kB

/sys/kernel/mm/transparent_hugepage/enabled: always [madvise] never
/sys/kernel/mm/transparent_hugepage/defrag (defrag/compaction efforts parameter): always defer defer+madvise [madvise] never

Process Memory:
Virtual Size: 4601132K (peak: 4654764K)
Resident Set Size: 203256K (peak: 204080K) (anon: 172740K, file: 30516K, shmem: 0K)
Swapped out: 0K
C-Heap outstanding allocations: 76223K, retained: 13392K
glibc malloc tunables: (default)

/proc/sys/kernel/threads-max (system-wide limit on the number of threads): 94149
/proc/sys/vm/max_map_count (maximum number of memory map areas a process may have): 65530
/proc/sys/kernel/pid_max (system-wide limit on number of process identifiers): 4194304

container (cgroup) information:
container_type: cgroupv2
cpu_cpuset_cpus: not supported
cpu_memory_nodes: not supported
active_processor_count: 4
cpu_quota: not supported
cpu_period: not supported
cpu_shares: not supported
memory_limit_in_bytes: unlimited
memory_and_swap_limit_in_bytes: unlimited
memory_soft_limit_in_bytes: unlimited
memory_usage_in_bytes: 1363784 k
memory_max_usage_in_bytes: not supported
maximum number of tasks: 14122
current number of tasks: 212

Steal ticks since vm start: 0
Steal ticks percentage since vm start:  0,000

CPU: total 4 (initial active 4) (2 cores per cpu, 2 threads per core) family 6 model 142 stepping 9 microcode 0xf0, cx8, cmov, fxsr, ht, mmx, 3dnowpref, sse, sse2, sse3, ssse3, sse4.1, sse4.2, popcnt, lzcnt, tsc, tscinvbit, avx, avx2, aes, erms, clmul, bmi1, bmi2, adx, fma, vzeroupper, clflush, clflushopt
CPU Model and flags from /proc/cpuinfo:
model name	: Intel(R) Core(TM) i7-7500U CPU @ 2.70GHz
flags		: fpu vme de pse tsc msr pae mce cx8 apic sep mtrr pge mca cmov pat pse36 clflush dts acpi mmx fxsr sse sse2 ss ht tm pbe syscall nx pdpe1gb rdtscp lm constant_tsc art arch_perfmon pebs bts rep_good nopl xtopology nonstop_tsc cpuid aperfmperf pni pclmulqdq dtes64 monitor ds_cpl vmx est tm2 ssse3 sdbg fma cx16 xtpr pdcm pcid sse4_1 sse4_2 x2apic movbe popcnt tsc_deadline_timer aes xsave avx f16c rdrand lahf_lm abm 3dnowprefetch cpuid_fault epb invpcid_single pti ssbd ibrs ibpb stibp tpr_shadow vnmi flexpriority ept vpid ept_ad fsgsbase tsc_adjust bmi1 avx2 smep bmi2 erms invpcid mpx rdseed adx smap clflushopt intel_pt xsaveopt xsavec xgetbv1 xsaves dtherm ida arat pln pts hwp hwp_notify hwp_act_window hwp_epp md_clear flush_l1d arch_capabilities

Online cpus: 0-3
Offline cpus: 
BIOS frequency limitation: <Not Available>
Frequency switch latency (ns): 0
Available cpu frequencies: <Not Available>
Current governor: powersave
Core performance/turbo boost: <Not Available>

Memory: 4k page, physical 12121780k(6519384k free), swap 2097148k(2097148k free)
Page Sizes: 4k

vm_info: OpenJDK 64-Bit Server VM (17.0.4+8) for linux-amd64 JRE (17.0.4+8), built on Jul 19 2022 00:00:00 by "temurin" with gcc 10.3.0

END.
